#
# A fatal error has been detected by the Java Runtime Environment:
#
#  SIGSEGV (0xb) at pc=0xb7795424, pid=2773, tid=2000841584
#
# JRE version: 6.0_25-b06
# Java VM: Java HotSpot(TM) Server VM (20.0-b11 mixed mode linux-x86 )
# Problematic frame:
# C  [+0x424]  __kernel_vsyscall+0x10
#
# If you would like to submit a bug report, please visit:
#   http://java.sun.com/webapps/bugreport/crash.jsp
#

---------------  T H R E A D  ---------------

Current thread is native thread

siginfo:si_signo=SIGSEGV: si_errno=0, si_code=-6 (FPE_FLTOVF), si_addr=0x00000ad5

Registers:
EAX=0x00000000, EBX=0x00000ad5, ECX=0x00000ae9, EDX=0x0000000b
ESP=0x77426280, EBP=0x77426398, ESI=0x00000020, EDI=0xb7772ff4
EIP=0xb7795424, EFLAGS=0x00200202, CR2=0x00000004

Top of Stack: (sp=0x77426280)
0x77426280:   77426398 0000000b 00000ae9 b7769bfe
0x77426290:   b7772ff4 76e10680 76894b23 0000000b
0x774262a0:   00000000 00000000 00000000 00001000
0x774262b0:   00000000 00000000 00000000 00000000
0x774262c0:   00000000 7fffffff fffffffe ffffffff
0x774262d0:   ffffffff ffffffff ffffffff ffffffff
0x774262e0:   ffffffff ffffffff ffffffff ffffffff
0x774262f0:   ffffffff ffffffff ffffffff ffffffff 

Instructions: (pc=0xb7795424)
0xb7795404:   00 00 cd 80 90 8d 76 00 b8 ad 00 00 00 cd 80 90
0xb7795414:   51 52 55 89 e5 0f 34 90 90 90 90 90 90 90 eb f3
0xb7795424:   5d 5a 59 c3 00 2e 73 68 73 74 72 74 61 62 00 2e
0xb7795434:   68 61 73 68 00 2e 64 79 6e 73 79 6d 00 2e 64 79 

Register to memory mapping:

EAX=0x00000000 is an unknown value
EBX=0x00000ad5 is an unknown value
ECX=0x00000ae9 is an unknown value
EDX=0x0000000b is an unknown value
ESP=0x77426280 is an unknown value
EBP=0x77426398 is an unknown value
ESI=0x00000020 is an unknown value
EDI=0xb7772ff4: <offset 0x17ff4> in /lib/libpthread.so.0 at 0xb775b000


Stack: [0x77416000,0x77427000],  sp=0x77426280,  free space=64k
Native frames: (J=compiled Java code, j=interpreted, Vv=VM code, C=native code)
C  [+0x424]  __kernel_vsyscall+0x10
C  [libpthread.so.0+0x6c77]
[error occurred during error reporting (printing native stack), id 0xb]


---------------  P R O C E S S  ---------------

VM state:not at safepoint (normal execution)

VM Mutex/Monitor currently owned by a thread: None

Heap
 PSYoungGen      total 15104K, used 3132K [0xa1180000, 0xa2210000, 0xb3820000)
  eden space 13888K, 13% used [0xa1180000,0xa1363370,0xa1f10000)
  from space 1216K, 98% used [0xa1f60000,0xa208c070,0xa2090000)
  to   space 1536K, 0% used [0xa2090000,0xa2090000,0xa2210000)
 PSOldGen        total 37696K, used 0K [0x7c420000, 0x7e8f0000, 0xa1180000)
  object space 37696K, 0% used [0x7c420000,0x7c420000,0x7e8f0000)
 PSPermGen       total 16384K, used 11186K [0x78420000, 0x79420000, 0x7c420000)
  object space 16384K, 68% used [0x78420000,0x78f0c958,0x79420000)

Code Cache  [0xb38e1000, 0xb3b21000, 0xb68e1000)
 total_blobs=523 nmethods=243 adapters=234 free_code_cache=49443008 largest_free_block=6592

Dynamic libraries:
08048000-08052000 r-xp 00000000 08:08 1368290    /opt/java/jre/bin/java
08052000-08053000 rwxp 00009000 08:08 1368290    /opt/java/jre/bin/java
094c0000-0a719000 rwxp 00000000 00:00 0          [heap]
729fa000-729fb000 ---p 00000000 00:00 0 
729fb000-72bfb000 rwxp 00000000 00:00 0 
72bfb000-72bfc000 ---p 00000000 00:00 0 
72bfc000-72dfc000 rwxp 00000000 00:00 0 
72dfc000-72dfd000 ---p 00000000 00:00 0 
72dfd000-72ffd000 rwxp 00000000 00:00 0 
73900000-739ef000 rwxp 00000000 00:00 0 
739ef000-73a00000 ---p 00000000 00:00 0 
73b00000-73bfc000 rwxp 00000000 00:00 0 
73bfc000-73c00000 ---p 00000000 00:00 0 
73c00000-73cfc000 rwxp 00000000 00:00 0 
73cfc000-73d00000 ---p 00000000 00:00 0 
73d00000-73df9000 rwxp 00000000 00:00 0 
73df9000-73e00000 ---p 00000000 00:00 0 
73e00000-73eff000 rwxp 00000000 00:00 0 
73eff000-73f00000 ---p 00000000 00:00 0 
73f00000-73ff1000 rwxp 00000000 00:00 0 
73ff1000-74000000 ---p 00000000 00:00 0 
74000000-740ea000 rwxp 00000000 00:00 0 
740ea000-74100000 ---p 00000000 00:00 0 
74100000-741fc000 rwxp 00000000 00:00 0 
741fc000-74200000 ---p 00000000 00:00 0 
74500000-745f1000 rwxp 00000000 00:00 0 
745f1000-74600000 ---p 00000000 00:00 0 
74687000-7468a000 ---p 00000000 00:00 0 
7468a000-746d8000 rwxp 00000000 00:00 0 
746d8000-746ed000 r-xp 00000000 08:08 1368261    /opt/java/jre/lib/i386/libdcpr.so
746ed000-74700000 rwxp 00014000 08:08 1368261    /opt/java/jre/lib/i386/libdcpr.so
74700000-747e2000 rwxp 00000000 00:00 0 
747e2000-74800000 ---p 00000000 00:00 0 
74812000-74815000 ---p 00000000 00:00 0 
74815000-74863000 rwxp 00000000 00:00 0 
74863000-74f63000 rwxs 00006000 00:05 1786       /dev/ati/card0
74f63000-74fe3000 rwxp 00000000 00:00 0 
74fe3000-75016000 r-xp 00000000 08:08 1394722    /usr/lib/libatiadlxx.so
75016000-75017000 rwxp 00033000 08:08 1394722    /usr/lib/libatiadlxx.so
75035000-75055000 rwxs feac0000 00:05 1786       /dev/ati/card0
75055000-7505c000 r-xp 00000000 08:08 1394716    /usr/lib/libatiuki.so.1.0
7505c000-7505d000 rwxp 00006000 08:08 1394716    /usr/lib/libatiuki.so.1.0
7505d000-76c80000 r-xp 00000000 08:08 550254     /usr/lib/xorg/modules/dri/fglrx_dri.so
76c80000-76d5b000 rwxp 01c23000 08:08 550254     /usr/lib/xorg/modules/dri/fglrx_dri.so
76d5b000-76e12000 rwxp 00000000 00:00 0 
76e12000-76e2e000 r-xp 00000000 08:08 468157     /usr/lib/libgcc_s.so.1
76e2e000-76e2f000 rwxp 0001b000 08:08 468157     /usr/lib/libgcc_s.so.1
76e2f000-76ef8000 r-xp 00000000 08:08 550261     /usr/lib/fglrx/fglrx-libGL.so.1.2
76ef8000-76f03000 rwxp 000c8000 08:08 550261     /usr/lib/fglrx/fglrx-libGL.so.1.2
76f03000-76f19000 rwxp 00000000 00:00 0 
76f19000-76f1c000 ---p 00000000 00:00 0 
76f1c000-76f6a000 rwxp 00000000 00:00 0 
76f6a000-76f6b000 r-xp 00000000 08:08 1368271    /opt/java/jre/lib/i386/libjawt.so
76f6b000-76f6c000 rwxp 00000000 08:08 1368271    /opt/java/jre/lib/i386/libjawt.so
76f6c000-76f72000 r-xp 00000000 08:08 1392743    /usr/lib/libXrandr.so.2.2.0
76f72000-76f73000 rwxp 00005000 08:08 1392743    /usr/lib/libXrandr.so.2.2.0
76f73000-76fcd000 r-xp 00000000 08:09 9977940    /home/dunno/code/projects/q/target/native/linux/liblwjgl.so
76fcd000-76fce000 ---p 0005a000 08:09 9977940    /home/dunno/code/projects/q/target/native/linux/liblwjgl.so
76fce000-76fcf000 r-xp 0005a000 08:09 9977940    /home/dunno/code/projects/q/target/native/linux/liblwjgl.so
76fcf000-76fd0000 rwxp 0005b000 08:09 9977940    /home/dunno/code/projects/q/target/native/linux/liblwjgl.so
76fd0000-76fd3000 ---p 00000000 00:00 0 
76fd3000-77021000 rwxp 00000000 00:00 0 
77021000-77025000 r-xp 00000000 08:08 1392693    /usr/lib/libXfixes.so.3.1.0
77025000-77026000 rwxp 00003000 08:08 1392693    /usr/lib/libXfixes.so.3.1.0
77026000-7702d000 r-xp 00000000 08:08 1392690    /usr/lib/libXrender.so.1.3.0
7702d000-7702e000 rwxp 00007000 08:08 1392690    /usr/lib/libXrender.so.1.3.0
7702e000-77036000 r-xp 00000000 08:08 1392747    /usr/lib/libXcursor.so.1.0.2
77036000-77037000 rwxp 00007000 08:08 1392747    /usr/lib/libXcursor.so.1.0.2
77037000-7703a000 ---p 00000000 00:00 0 
7703a000-77088000 rwxp 00000000 00:00 0 
77088000-77101000 r-xp 00000000 08:08 1368265    /opt/java/jre/lib/i386/libfontmanager.so
77101000-7710b000 rwxp 00078000 08:08 1368265    /opt/java/jre/lib/i386/libfontmanager.so
7710b000-77110000 rwxp 00000000 00:00 0 
77110000-77127000 r-xp 00000000 08:08 474257     /usr/lib/libxcb.so.1.1.0
77127000-77128000 rwxp 00016000 08:08 474257     /usr/lib/libxcb.so.1.1.0
77128000-77134000 r-xp 00000000 08:08 1392676    /usr/lib/libXi.so.6.1.0
77134000-77135000 rwxp 0000b000 08:08 1392676    /usr/lib/libXi.so.6.1.0
77135000-7724d000 r-xp 00000000 08:08 1392647    /usr/lib/libX11.so.6.3.0
7724d000-77251000 rwxp 00117000 08:08 1392647    /usr/lib/libX11.so.6.3.0
77251000-772d5000 r-xp 00000000 08:08 1368263    /opt/java/jre/lib/i386/libawt.so
772d5000-772dc000 rwxp 00084000 08:08 1368263    /opt/java/jre/lib/i386/libawt.so
772dc000-77300000 rwxp 00000000 00:00 0 
77300000-773d8000 rwxp 00000000 00:00 0 
773d8000-77400000 ---p 00000000 00:00 0 
77400000-77404000 r-xp 00000000 08:08 474194     /usr/lib/libXdmcp.so.6.0.0
77404000-77405000 rwxp 00003000 08:08 474194     /usr/lib/libXdmcp.so.6.0.0
77405000-77407000 r-xp 00000000 08:08 474244     /usr/lib/libXau.so.6.0.0
77407000-77408000 rwxp 00001000 08:08 474244     /usr/lib/libXau.so.6.0.0
77408000-77415000 r-xp 00000000 08:08 1392657    /usr/lib/libXext.so.6.4.0
77415000-77416000 rwxp 0000d000 08:08 1392657    /usr/lib/libXext.so.6.4.0
77416000-77417000 ---p 00000000 00:00 0 
77417000-77427000 rwxp 00000000 00:00 0 
77427000-7742e000 r-xp 00000000 08:08 1368253    /opt/java/jre/lib/i386/libnio.so
7742e000-7742f000 rwxp 00006000 08:08 1368253    /opt/java/jre/lib/i386/libnio.so
7742f000-77431000 r-xp 00000000 08:08 1392698    /usr/lib/libXinerama.so.1.0.0
77431000-77432000 rwxp 00001000 08:08 1392698    /usr/lib/libXinerama.so.1.0.0
77432000-77434000 rwxs 00002000 00:05 1786       /dev/ati/card0
77434000-77477000 r-xp 00000000 08:08 1376855    /opt/java/jre/lib/i386/xawt/libmawt.so
77477000-77479000 rwxp 00043000 08:08 1376855    /opt/java/jre/lib/i386/xawt/libmawt.so
77479000-7747a000 rwxp 00000000 00:00 0 
7747a000-7748e000 r-xp 00000000 08:08 1368252    /opt/java/jre/lib/i386/libnet.so
7748e000-7748f000 rwxp 00013000 08:08 1368252    /opt/java/jre/lib/i386/libnet.so
7748f000-77492000 ---p 00000000 00:00 0 
77492000-774e0000 rwxp 00000000 00:00 0 
774e0000-774e1000 r-xp 00000000 08:09 9674761    /home/dunno/code/idea-IC-103.255/bin/libbreakgen.so
774e1000-774e2000 rwxp 00000000 08:09 9674761    /home/dunno/code/idea-IC-103.255/bin/libbreakgen.so
774e2000-774e4000 r-xs 00011000 08:09 9658509    /home/dunno/code/idea-IC-103.255/lib/idea_rt.jar
774e4000-774e6000 r-xs 0000a000 08:09 9675066    /home/dunno/.m2/repository/org/json/json/20090211/json-20090211.jar
774e6000-774e8000 r-xs 0000d000 08:09 9675094    /home/dunno/.m2/repository/jcraft/jorbis/0.0.15/jorbis-0.0.15.jar
774e8000-774e9000 r-xs 00001000 08:09 9675053    /home/dunno/.m2/repository/jcraft/jogg/0.0.7/jogg-0.0.7.jar
774e9000-774eb000 r-xs 00008000 08:09 9675044    /home/dunno/.m2/repository/ibxm/ibxm/unknown/ibxm-unknown.jar
774eb000-774ec000 r-xs 00001000 08:09 9675077    /home/dunno/.m2/repository/javax/jnlp/jnlp/1.2/jnlp-1.2.jar
774ec000-774ed000 r-xs 00038000 08:09 9675196    /home/dunno/.m2/repository/org/lwjgl/lwjgl-native/2.1.0/lwjgl-native-2.1.0-win32.jar
774ed000-774ef000 r-xs 00019000 08:09 9675045    /home/dunno/.m2/repository/phys2d/phys2d/060408/phys2d-060408.jar
774ef000-774fa000 r-xs 00093000 08:09 9675007    /home/dunno/.m2/repository/slick/slick/274/slick-274.jar
774fa000-774fd000 r-xs 0001d000 08:09 9675182    /home/dunno/.m2/repository/org/lwjgl/lwjgl-util/2.6/lwjgl-util-2.6.jar
774fd000-774fe000 r-xs 00170000 08:09 9675134    /home/dunno/.m2/repository/org/lwjgl/lwjgl-native/2.6/lwjgl-native-2.6.jar
774fe000-77503000 r-xs 00030000 08:09 9675113    /home/dunno/.m2/repository/org/lwjgl/lwjgl-jinput/2.6/lwjgl-jinput-2.6.jar
77503000-7750f000 r-xs 000c8000 08:09 9675071    /home/dunno/.m2/repository/org/lwjgl/lwjgl/2.6/lwjgl-2.6.jar
7750f000-7756e000 r-xs 005d3000 08:09 9675060    /home/dunno/.m2/repository/org/scala-lang/scala-library/2.8.1/scala-library-2.8.1.jar
7756e000-7757f000 r-xs 0034a000 08:08 1368175    /opt/java/jre/lib/deploy.jar
7757f000-77580000 ---p 00000000 00:00 0 
77580000-77600000 rwxp 00000000 00:00 0 
77600000-776fd000 rwxp 00000000 00:00 0 
776fd000-77700000 ---p 00000000 00:00 0 
77701000-77708000 r-xs 00053000 08:09 9675084    /home/dunno/.m2/repository/log4j/log4j/1.2.14/log4j-1.2.14.jar
77708000-77719000 r-xs 001ad000 08:08 1368173    /opt/java/jre/lib/plugin.jar
77719000-7771a000 r-xs 00000000 08:08 1368131    /opt/java/jre/lib/management-agent.jar
7771a000-77722000 r-xs 00115000 08:08 1368136    /opt/java/jre/lib/resources.jar
77722000-7772b000 r-xs 000d7000 08:08 1368174    /opt/java/jre/lib/javaws.jar
7772b000-7772e000 r-xs 00013000 08:08 1368120    /opt/java/jre/lib/jce.jar
7772e000-77731000 r-xs 0001c000 08:08 1368165    /opt/java/jre/lib/alt-rt.jar
77731000-77738000 r-xs 00094000 08:08 1368171    /opt/java/jre/lib/jsse.jar
77738000-77747000 r-xs 00667000 08:08 1368172    /opt/java/jre/lib/charsets.jar
77747000-7774a000 ---p 00000000 00:00 0 
7774a000-77798000 rwxp 00000000 00:00 0 
77798000-7779b000 ---p 00000000 00:00 0 
7779b000-77819000 rwxp 00000000 00:00 0 
77819000-7781c000 ---p 00000000 00:00 0 
7781c000-7789a000 rwxp 00000000 00:00 0 
7789a000-7789d000 ---p 00000000 00:00 0 
7789d000-778eb000 rwxp 00000000 00:00 0 
778eb000-77a0b000 r-xp 001b2000 08:08 475277     /usr/lib/locale/locale-archive
77a0b000-77c0b000 r-xp 00000000 08:08 475277     /usr/lib/locale/locale-archive
77c0b000-77c0e000 ---p 00000000 00:00 0 
77c0e000-77c5c000 rwxp 00000000 00:00 0 
77c5c000-77c5f000 ---p 00000000 00:00 0 
77c5f000-77cad000 rwxp 00000000 00:00 0 
77cad000-77cae000 ---p 00000000 00:00 0 
77cae000-77d62000 rwxp 00000000 00:00 0 
77d62000-77efa000 r-xs 0302a000 08:08 1368170    /opt/java/jre/lib/rt.jar
77efa000-77efb000 ---p 00000000 00:00 0 
77efb000-77f7b000 rwxp 00000000 00:00 0 
77f7b000-77f7c000 ---p 00000000 00:00 0 
77f7c000-77ffc000 rwxp 00000000 00:00 0 
77ffc000-77ffd000 ---p 00000000 00:00 0 
77ffd000-7807d000 rwxp 00000000 00:00 0 
7807d000-7807e000 ---p 00000000 00:00 0 
7807e000-78106000 rwxp 00000000 00:00 0 
78106000-7811e000 rwxp 00000000 00:00 0 
7811e000-78131000 rwxp 00000000 00:00 0 
78131000-78245000 rwxp 00000000 00:00 0 
78245000-7824d000 rwxp 00000000 00:00 0 
7824d000-78265000 rwxp 00000000 00:00 0 
78265000-78278000 rwxp 00000000 00:00 0 
78278000-7838b000 rwxp 00000000 00:00 0 
7838b000-78394000 rwxp 00000000 00:00 0 
78394000-78395000 ---p 00000000 00:00 0 
78395000-7841f000 rwxp 00000000 00:00 0 
7841f000-79420000 rwxp 00000000 00:00 0 
79420000-7c420000 rwxp 00000000 00:00 0 
7c420000-7e8f0000 rwxp 00000000 00:00 0 
7e8f0000-a1180000 rwxp 00000000 00:00 0 
a1180000-a2210000 rwxp 00000000 00:00 0 
a2210000-a23e0000 ---p 00000000 00:00 0 
a23e0000-b3820000 rwxp 00000000 00:00 0 
b3820000-b382a000 rwxp 00000000 00:00 0 
b382a000-b38e1000 rwxp 00000000 00:00 0 
b38e1000-b3b21000 rwxp 00000000 00:00 0 
b3b21000-b68e1000 rwxp 00000000 00:00 0 
b68e1000-b68f6000 r-xp 00000000 08:08 819223     /lib/libnsl-2.13.so
b68f6000-b68f7000 r-xp 00015000 08:08 819223     /lib/libnsl-2.13.so
b68f7000-b68f8000 rwxp 00016000 08:08 819223     /lib/libnsl-2.13.so
b68f8000-b68fa000 rwxp 00000000 00:00 0 
b68fa000-b68fe000 r-xp 00000000 08:08 1392679    /usr/lib/libXtst.so.6.1.0
b68fe000-b68ff000 rwxp 00003000 08:08 1392679    /usr/lib/libXtst.so.6.1.0
b68ff000-b690e000 r-xp 00000000 08:08 1368248    /opt/java/jre/lib/i386/libzip.so
b690e000-b6910000 rwxp 0000e000 08:08 1368248    /opt/java/jre/lib/i386/libzip.so
b6910000-b6918000 rwxs 00000000 08:08 1974302    /tmp/hsperfdata_dunno/2773
b6918000-b693b000 r-xp 00000000 08:08 1368247    /opt/java/jre/lib/i386/libjava.so
b693b000-b693d000 rwxp 00023000 08:08 1368247    /opt/java/jre/lib/i386/libjava.so
b693d000-b6944000 r-xp 00000000 08:08 819500     /lib/librt-2.13.so
b6944000-b6945000 r-xp 00006000 08:08 819500     /lib/librt-2.13.so
b6945000-b6946000 rwxp 00007000 08:08 819500     /lib/librt-2.13.so
b6946000-b6949000 ---p 00000000 00:00 0 
b6949000-b6997000 rwxp 00000000 00:00 0 
b6997000-b69bf000 r-xp 00000000 08:08 819212     /lib/libm-2.13.so
b69bf000-b69c0000 r-xp 00027000 08:08 819212     /lib/libm-2.13.so
b69c0000-b69c1000 rwxp 00028000 08:08 819212     /lib/libm-2.13.so
b69c1000-b7173000 r-xp 00000000 08:08 1376863    /opt/java/jre/lib/i386/server/libjvm.so
b7173000-b71c7000 rwxp 007b1000 08:08 1376863    /opt/java/jre/lib/i386/server/libjvm.so
b71c7000-b75e6000 rwxp 00000000 00:00 0 
b75e6000-b7745000 r-xp 00000000 08:08 819213     /lib/libc-2.13.so
b7745000-b7746000 ---p 0015f000 08:08 819213     /lib/libc-2.13.so
b7746000-b7748000 r-xp 0015f000 08:08 819213     /lib/libc-2.13.so
b7748000-b7749000 rwxp 00161000 08:08 819213     /lib/libc-2.13.so
b7749000-b774d000 rwxp 00000000 00:00 0 
b774d000-b7750000 r-xp 00000000 08:08 819202     /lib/libdl-2.13.so
b7750000-b7751000 r-xp 00002000 08:08 819202     /lib/libdl-2.13.so
b7751000-b7752000 rwxp 00003000 08:08 819202     /lib/libdl-2.13.so
b7752000-b7759000 r-xp 00000000 08:08 1376856    /opt/java/jre/lib/i386/jli/libjli.so
b7759000-b775b000 rwxp 00006000 08:08 1376856    /opt/java/jre/lib/i386/jli/libjli.so
b775b000-b7772000 r-xp 00000000 08:08 819211     /lib/libpthread-2.13.so
b7772000-b7773000 r-xp 00016000 08:08 819211     /lib/libpthread-2.13.so
b7773000-b7774000 rwxp 00017000 08:08 819211     /lib/libpthread-2.13.so
b7774000-b7776000 rwxp 00000000 00:00 0 
b7776000-b7777000 rwxs 00005000 00:05 1786       /dev/ati/card0
b7777000-b7779000 r-xs 00009000 08:08 1368166    /opt/java/jre/lib/alt-string.jar
b7779000-b7784000 r-xp 00000000 08:08 819234     /lib/libnss_files-2.13.so
b7784000-b7785000 r-xp 0000a000 08:08 819234     /lib/libnss_files-2.13.so
b7785000-b7786000 rwxp 0000b000 08:08 819234     /lib/libnss_files-2.13.so
b7786000-b7787000 rwxp 00000000 00:00 0 
b7787000-b7788000 r-xp 00000000 00:00 0 
b7788000-b7793000 r-xp 00000000 08:08 1368246    /opt/java/jre/lib/i386/libverify.so
b7793000-b7794000 rwxp 0000b000 08:08 1368246    /opt/java/jre/lib/i386/libverify.so
b7794000-b7795000 rwxp 00000000 00:00 0 
b7795000-b7796000 r-xp 00000000 00:00 0          [vdso]
b7796000-b77b4000 r-xp 00000000 08:08 819228     /lib/ld-2.13.so
b77b4000-b77b5000 r-xp 0001d000 08:08 819228     /lib/ld-2.13.so
b77b5000-b77b6000 rwxp 0001e000 08:08 819228     /lib/ld-2.13.so
bff7a000-bff9b000 rwxp 00000000 00:00 0          [stack]

VM Arguments:
jvm_args: -Djava.library.path=target/native/linux -DLWJGL_DISABLE_XRANDR=true -Didea.launcher.port=7534 -Didea.launcher.bin.path=/home/dunno/code/idea-IC-103.255/bin -Dfile.encoding=UTF-8 
java_command: com.intellij.rt.execution.application.AppMain su.msk.dunno.q.QueersIsland
Launcher Type: SUN_STANDARD

Environment Variables:
JAVA_HOME=/opt/java
CLASSPATH=../lib/bootstrap.jar:../lib/util.jar:../lib/jdom.jar:../lib/log4j.jar:../lib/extensions.jar:../lib/trove4j.jar:/opt/java/lib/tools.jar:
PATH=/usr/local/bin:/usr/bin:/bin:/usr/local/sbin:/usr/sbin:/sbin:/usr/share/java/apache-ant/bin:/opt/groovy/bin:/opt/java/bin:/opt/java/db/bin:/opt/java/jre/bin:/opt/maven/bin:/usr/bin/vendor_perl:/usr/bin/core_perl
USERNAME=dunno
LD_LIBRARY_PATH=/opt/java/jre/lib/i386/server:/opt/java/jre/lib/i386:/opt/java/jre/../lib/i386:.:
SHELL=/bin/bash
DISPLAY=:0.0

Signal Handlers:
SIGSEGV: [libjvm.so+0x725370], sa_mask[0]=0x7ffbfeff, sa_flags=0x10000004
SIGBUS: [libjvm.so+0x725370], sa_mask[0]=0x7ffbfeff, sa_flags=0x10000004
SIGFPE: [libjvm.so+0x5dfd80], sa_mask[0]=0x7ffbfeff, sa_flags=0x10000004
SIGPIPE: [libjvm.so+0x5dfd80], sa_mask[0]=0x7ffbfeff, sa_flags=0x10000004
SIGXFSZ: [libjvm.so+0x5dfd80], sa_mask[0]=0x7ffbfeff, sa_flags=0x10000004
SIGILL: [libjvm.so+0x5dfd80], sa_mask[0]=0x7ffbfeff, sa_flags=0x10000004
SIGUSR1: SIG_DFL, sa_mask[0]=0x00000000, sa_flags=0x00000000
SIGUSR2: [libjvm.so+0x5e2fc0], sa_mask[0]=0x00000004, sa_flags=0x10000004
SIGHUP: [libjvm.so+0x5e2ba0], sa_mask[0]=0x7ffbfeff, sa_flags=0x10000004
SIGINT: [libjvm.so+0x5e2ba0], sa_mask[0]=0x7ffbfeff, sa_flags=0x10000004
SIGTERM: [libjvm.so+0x5e2ba0], sa_mask[0]=0x7ffbfeff, sa_flags=0x10000004
SIGQUIT: [libjvm.so+0x5e2ba0], sa_mask[0]=0x7ffbfeff, sa_flags=0x10000004


---------------  S Y S T E M  ---------------

OS:Linux
uname:Linux 2.6.38-ARCH #1 SMP PREEMPT Fri Apr 22 17:48:36 UTC 2011 i686
libc:glibc 2.13 NPTL 2.13 
rlimit: STACK 8192k, CORE 0k, NPROC 28234, NOFILE 1024, AS infinity
load average:1.10 1.23 1.22

/proc/meminfo:
MemTotal:        3616048 kB
MemFree:          961076 kB
Buffers:          435288 kB
Cached:          1090804 kB
SwapCached:            0 kB
Active:          1169156 kB
Inactive:        1321164 kB
Active(anon):     881188 kB
Inactive(anon):    97924 kB
Active(file):     287968 kB
Inactive(file):  1223240 kB
Unevictable:           0 kB
Mlocked:               0 kB
HighTotal:       2760264 kB
HighFree:         754616 kB
LowTotal:         855784 kB
LowFree:          206460 kB
SwapTotal:       3951952 kB
SwapFree:        3951952 kB
Dirty:                56 kB
Writeback:             0 kB
AnonPages:        964268 kB
Mapped:           182616 kB
Shmem:             14844 kB
Slab:              39240 kB
SReclaimable:      27652 kB
SUnreclaim:        11588 kB
KernelStack:        3080 kB
PageTables:         4196 kB
NFS_Unstable:          0 kB
Bounce:                0 kB
WritebackTmp:          0 kB
CommitLimit:     5759976 kB
Committed_AS:    2035464 kB
VmallocTotal:     122880 kB
VmallocUsed:       30428 kB
VmallocChunk:      79904 kB
HardwareCorrupted:     0 kB
AnonHugePages:    516096 kB
HugePages_Total:       0
HugePages_Free:        0
HugePages_Rsvd:        0
HugePages_Surp:        0
Hugepagesize:       4096 kB
DirectMap4k:       12280 kB
DirectMap4M:      897024 kB


CPU:total 4 (4 cores per cpu, 1 threads per core) family 6 model 15 stepping 11, cmov, cx8, fxsr, mmx, sse, sse2, sse3, ssse3

/proc/cpuinfo:
processor	: 0
vendor_id	: GenuineIntel
cpu family	: 6
model		: 15
model name	: Intel(R) Core(TM)2 Quad CPU    Q6600  @ 2.40GHz
stepping	: 11
cpu MHz		: 2399.972
cache size	: 4096 KB
physical id	: 0
siblings	: 4
core id		: 0
cpu cores	: 4
apicid		: 0
initial apicid	: 0
fdiv_bug	: no
hlt_bug		: no
f00f_bug	: no
coma_bug	: no
fpu		: yes
fpu_exception	: yes
cpuid level	: 10
wp		: yes
flags		: fpu vme de pse tsc msr pae mce cx8 apic sep mtrr pge mca cmov pat pse36 clflush dts acpi mmx fxsr sse sse2 ss ht tm pbe nx lm constant_tsc arch_perfmon pebs bts aperfmperf pni dtes64 monitor ds_cpl vmx est tm2 ssse3 cx16 xtpr pdcm lahf_lm dts tpr_shadow vnmi flexpriority
bogomips	: 4801.94
clflush size	: 64
cache_alignment	: 64
address sizes	: 36 bits physical, 48 bits virtual
power management:

processor	: 1
vendor_id	: GenuineIntel
cpu family	: 6
model		: 15
model name	: Intel(R) Core(TM)2 Quad CPU    Q6600  @ 2.40GHz
stepping	: 11
cpu MHz		: 2399.972
cache size	: 4096 KB
physical id	: 0
siblings	: 4
core id		: 1
cpu cores	: 4
apicid		: 1
initial apicid	: 1
fdiv_bug	: no
hlt_bug		: no
f00f_bug	: no
coma_bug	: no
fpu		: yes
fpu_exception	: yes
cpuid level	: 10
wp		: yes
flags		: fpu vme de pse tsc msr pae mce cx8 apic sep mtrr pge mca cmov pat pse36 clflush dts acpi mmx fxsr sse sse2 ss ht tm pbe nx lm constant_tsc arch_perfmon pebs bts aperfmperf pni dtes64 monitor ds_cpl vmx est tm2 ssse3 cx16 xtpr pdcm lahf_lm dts tpr_shadow vnmi flexpriority
bogomips	: 8323.62
clflush size	: 64
cache_alignment	: 64
address sizes	: 36 bits physical, 48 bits virtual
power management:

processor	: 2
vendor_id	: GenuineIntel
cpu family	: 6
model		: 15
model name	: Intel(R) Core(TM)2 Quad CPU    Q6600  @ 2.40GHz
stepping	: 11
cpu MHz		: 2399.972
cache size	: 4096 KB
physical id	: 0
siblings	: 4
core id		: 2
cpu cores	: 4
apicid		: 2
initial apicid	: 2
fdiv_bug	: no
hlt_bug		: no
f00f_bug	: no
coma_bug	: no
fpu		: yes
fpu_exception	: yes
cpuid level	: 10
wp		: yes
flags		: fpu vme de pse tsc msr pae mce cx8 apic sep mtrr pge mca cmov pat pse36 clflush dts acpi mmx fxsr sse sse2 ss ht tm pbe nx lm constant_tsc arch_perfmon pebs bts aperfmperf pni dtes64 monitor ds_cpl vmx est tm2 ssse3 cx16 xtpr pdcm lahf_lm dts tpr_shadow vnmi flexpriority
bogomips	: 4801.01
clflush size	: 64
cache_alignment	: 64
address sizes	: 36 bits physical, 48 bits virtual
power management:

processor	: 3
vendor_id	: GenuineIntel
cpu family	: 6
model		: 15
model name	: Intel(R) Core(TM)2 Quad CPU    Q6600  @ 2.40GHz
stepping	: 11
cpu MHz		: 2399.972
cache size	: 4096 KB
physical id	: 0
siblings	: 4
core id		: 3
cpu cores	: 4
apicid		: 3
initial apicid	: 3
fdiv_bug	: no
hlt_bug		: no
f00f_bug	: no
coma_bug	: no
fpu		: yes
fpu_exception	: yes
cpuid level	: 10
wp		: yes
flags		: fpu vme de pse tsc msr pae mce cx8 apic sep mtrr pge mca cmov pat pse36 clflush dts acpi mmx fxsr sse sse2 ss ht tm pbe nx lm constant_tsc arch_perfmon pebs bts aperfmperf pni dtes64 monitor ds_cpl vmx est tm2 ssse3 cx16 xtpr pdcm lahf_lm dts tpr_shadow vnmi flexpriority
bogomips	: 4801.02
clflush size	: 64
cache_alignment	: 64
address sizes	: 36 bits physical, 48 bits virtual
power management:



Memory: 4k page, physical 3616048k(961076k free), swap 3951952k(3951952k free)

vm_info: Java HotSpot(TM) Server VM (20.0-b11) for linux-x86 JRE (1.6.0_25-b06), built on Apr 14 2011 01:12:39 by "java_re" with gcc 3.2.1-7a (J2SE release)

