#
# A fatal error has been detected by the Java Runtime Environment:
#
#  SIGSEGV (0xb) at pc=0xb77c2424, pid=2320, tid=1999919984
#
# JRE version: 6.0_25-b06
# Java VM: Java HotSpot(TM) Server VM (20.0-b11 mixed mode linux-x86 )
# Problematic frame:
# C  [+0x424]  __kernel_vsyscall+0x10
#
# If you would like to submit a bug report, please visit:
#   http://java.sun.com/webapps/bugreport/crash.jsp
#

---------------  T H R E A D  ---------------

Current thread is native thread

siginfo:si_signo=SIGSEGV: si_errno=0, si_code=-6 (FPE_FLTOVF), si_addr=0x00000910

Registers:
EAX=0x00000000, EBX=0x00000910, ECX=0x00000923, EDX=0x0000000b
ESP=0x77345280, EBP=0x77345398, ESI=0x00000020, EDI=0xb779fff4
EIP=0xb77c2424, EFLAGS=0x00200202, CR2=0x00000004

Top of Stack: (sp=0x77345280)
0x77345280:   77345398 0000000b 00000923 b7796bfe
0x77345290:   b779fff4 76ee6680 7696ab23 0000000b
0x773452a0:   00000000 00000000 00000000 00001000
0x773452b0:   00000000 00000000 00000000 00000000
0x773452c0:   00000000 7fffffff fffffffe ffffffff
0x773452d0:   ffffffff ffffffff ffffffff ffffffff
0x773452e0:   ffffffff ffffffff ffffffff ffffffff
0x773452f0:   ffffffff ffffffff ffffffff ffffffff 

Instructions: (pc=0xb77c2424)
0xb77c2404:   00 00 cd 80 90 8d 76 00 b8 ad 00 00 00 cd 80 90
0xb77c2414:   51 52 55 89 e5 0f 34 90 90 90 90 90 90 90 eb f3
0xb77c2424:   5d 5a 59 c3 00 2e 73 68 73 74 72 74 61 62 00 2e
0xb77c2434:   68 61 73 68 00 2e 64 79 6e 73 79 6d 00 2e 64 79 

Register to memory mapping:

EAX=0x00000000 is an unknown value
EBX=0x00000910 is an unknown value
ECX=0x00000923 is an unknown value
EDX=0x0000000b is an unknown value
ESP=0x77345280 is an unknown value
EBP=0x77345398 is an unknown value
ESI=0x00000020 is an unknown value
EDI=0xb779fff4: <offset 0x17ff4> in /lib/libpthread.so.0 at 0xb7788000


Stack: [0x77335000,0x77346000],  sp=0x77345280,  free space=64k
Native frames: (J=compiled Java code, j=interpreted, Vv=VM code, C=native code)
C  [+0x424]  __kernel_vsyscall+0x10
C  [libpthread.so.0+0x6c77]
[error occurred during error reporting (printing native stack), id 0xb]


---------------  P R O C E S S  ---------------

VM state:not at safepoint (normal execution)

VM Mutex/Monitor currently owned by a thread: None

Heap
 PSYoungGen      total 16192K, used 2195K [0xa11a0000, 0xa3190000, 0xb3840000)
  eden space 14208K, 1% used [0xa11a0000,0xa11e1c48,0xa1f80000)
  from space 1984K, 97% used [0xa2fa0000,0xa3183178,0xa3190000)
  to   space 2304K, 0% used [0xa2d10000,0xa2d10000,0xa2f50000)
 PSOldGen        total 37696K, used 0K [0x7c440000, 0x7e910000, 0xa11a0000)
  object space 37696K, 0% used [0x7c440000,0x7c440000,0x7e910000)
 PSPermGen       total 16384K, used 11388K [0x78440000, 0x79440000, 0x7c440000)
  object space 16384K, 69% used [0x78440000,0x78f5f1d0,0x79440000)

Code Cache  [0xb390e000, 0xb3b4e000, 0xb690e000)
 total_blobs=400 nmethods=121 adapters=233 free_code_cache=49600064 largest_free_block=6144

Dynamic libraries:
08048000-08052000 r-xp 00000000 08:08 1368290    /opt/java/jre/bin/java
08052000-08053000 rwxp 00009000 08:08 1368290    /opt/java/jre/bin/java
09960000-0a9a7000 rwxp 00000000 00:00 0          [heap]
723fe000-723ff000 ---p 00000000 00:00 0 
723ff000-725ff000 rwxp 00000000 00:00 0 
725ff000-72600000 ---p 00000000 00:00 0 
72600000-72800000 rwxp 00000000 00:00 0 
72800000-728fe000 rwxp 00000000 00:00 0 
728fe000-72900000 ---p 00000000 00:00 0 
72900000-729ee000 rwxp 00000000 00:00 0 
729ee000-72a00000 ---p 00000000 00:00 0 
72a00000-72afc000 rwxp 00000000 00:00 0 
72afc000-72b00000 ---p 00000000 00:00 0 
72c00000-72cf6000 rwxp 00000000 00:00 0 
72cf6000-72d00000 ---p 00000000 00:00 0 
72e00000-72efe000 rwxp 00000000 00:00 0 
72efe000-72f00000 ---p 00000000 00:00 0 
73000000-730f9000 rwxp 00000000 00:00 0 
730f9000-73100000 ---p 00000000 00:00 0 
73200000-732f2000 rwxp 00000000 00:00 0 
732f2000-73300000 ---p 00000000 00:00 0 
73300000-733ff000 rwxp 00000000 00:00 0 
733ff000-73400000 ---p 00000000 00:00 0 
73400000-734e3000 rwxp 00000000 00:00 0 
734e3000-73500000 ---p 00000000 00:00 0 
735fd000-735fe000 ---p 00000000 00:00 0 
735fe000-737fe000 rwxp 00000000 00:00 0 
73a00000-73af2000 rwxp 00000000 00:00 0 
73af2000-73b00000 ---p 00000000 00:00 0 
73bfd000-73dfd000 rwxs 013f1000 00:05 1687       /dev/ati/card0
73dfe000-73efe000 rwxs 013f2000 00:05 1687       /dev/ati/card0
74000000-740e6000 rwxp 00000000 00:00 0 
740e6000-74100000 ---p 00000000 00:00 0 
741eb000-741ff000 r-xp 00000000 08:08 1368252    /opt/java/jre/lib/i386/libnet.so
741ff000-74200000 rwxp 00013000 08:08 1368252    /opt/java/jre/lib/i386/libnet.so
74200000-74300000 rwxp 00000000 00:00 0 
74300000-74400000 rwxs 01441000 00:05 1687       /dev/ati/card0
74400000-74500000 rwxp 00000000 00:00 0 
74500000-74600000 rwxs 013f4000 00:05 1687       /dev/ati/card0
74600000-746ff000 rwxp 00000000 00:00 0 
746ff000-74700000 ---p 00000000 00:00 0 
747c0000-74800000 rwxs 00014000 00:05 1687       /dev/ati/card0
74800000-74f00000 rwxs 00006000 00:05 1687       /dev/ati/card0
74f00000-74fed000 rwxp 00000000 00:00 0 
74fed000-75000000 ---p 00000000 00:00 0 
75011000-75026000 r-xp 00000000 08:08 1368261    /opt/java/jre/lib/i386/libdcpr.so
75026000-75039000 rwxp 00014000 08:08 1368261    /opt/java/jre/lib/i386/libdcpr.so
75039000-750b9000 rwxp 00000000 00:00 0 
750b9000-750ec000 r-xp 00000000 08:08 1394722    /usr/lib/libatiadlxx.so
750ec000-750ed000 rwxp 00033000 08:08 1394722    /usr/lib/libatiadlxx.so
7510b000-7512b000 rwxs feac0000 00:05 1687       /dev/ati/card0
7512b000-75132000 r-xp 00000000 08:08 1394716    /usr/lib/libatiuki.so.1.0
75132000-75133000 rwxp 00006000 08:08 1394716    /usr/lib/libatiuki.so.1.0
75133000-76d56000 r-xp 00000000 08:08 550254     /usr/lib/xorg/modules/dri/fglrx_dri.so
76d56000-76e31000 rwxp 01c23000 08:08 550254     /usr/lib/xorg/modules/dri/fglrx_dri.so
76e31000-76ee8000 rwxp 00000000 00:00 0 
76ee8000-76f04000 r-xp 00000000 08:08 468157     /usr/lib/libgcc_s.so.1
76f04000-76f05000 rwxp 0001b000 08:08 468157     /usr/lib/libgcc_s.so.1
76f05000-76fce000 r-xp 00000000 08:08 550261     /usr/lib/fglrx/fglrx-libGL.so.1.2
76fce000-76fd9000 rwxp 000c8000 08:08 550261     /usr/lib/fglrx/fglrx-libGL.so.1.2
76fd9000-76fef000 rwxp 00000000 00:00 0 
76fef000-76ff2000 ---p 00000000 00:00 0 
76ff2000-77040000 rwxp 00000000 00:00 0 
77040000-77046000 r-xp 00000000 08:08 1392743    /usr/lib/libXrandr.so.2.2.0
77046000-77047000 rwxp 00005000 08:08 1392743    /usr/lib/libXrandr.so.2.2.0
77047000-770a1000 r-xp 00000000 08:09 9977941    /home/dunno/code/projects/q/target/native/linux/liblwjgl.so
770a1000-770a2000 ---p 0005a000 08:09 9977941    /home/dunno/code/projects/q/target/native/linux/liblwjgl.so
770a2000-770a3000 r-xp 0005a000 08:09 9977941    /home/dunno/code/projects/q/target/native/linux/liblwjgl.so
770a3000-770a4000 rwxp 0005b000 08:09 9977941    /home/dunno/code/projects/q/target/native/linux/liblwjgl.so
770a4000-770a7000 ---p 00000000 00:00 0 
770a7000-770f5000 rwxp 00000000 00:00 0 
770f5000-770f9000 r-xp 00000000 08:08 1392693    /usr/lib/libXfixes.so.3.1.0
770f9000-770fa000 rwxp 00003000 08:08 1392693    /usr/lib/libXfixes.so.3.1.0
770fa000-77101000 r-xp 00000000 08:08 1392690    /usr/lib/libXrender.so.1.3.0
77101000-77102000 rwxp 00007000 08:08 1392690    /usr/lib/libXrender.so.1.3.0
77102000-7710a000 r-xp 00000000 08:08 1392747    /usr/lib/libXcursor.so.1.0.2
7710a000-7710b000 rwxp 00007000 08:08 1392747    /usr/lib/libXcursor.so.1.0.2
7710b000-7710e000 ---p 00000000 00:00 0 
7710e000-7715c000 rwxp 00000000 00:00 0 
7715c000-771d5000 r-xp 00000000 08:08 1368265    /opt/java/jre/lib/i386/libfontmanager.so
771d5000-771df000 rwxp 00078000 08:08 1368265    /opt/java/jre/lib/i386/libfontmanager.so
771df000-771e4000 rwxp 00000000 00:00 0 
771e4000-771fb000 r-xp 00000000 08:08 474257     /usr/lib/libxcb.so.1.1.0
771fb000-771fc000 rwxp 00016000 08:08 474257     /usr/lib/libxcb.so.1.1.0
771fc000-77208000 r-xp 00000000 08:08 1392676    /usr/lib/libXi.so.6.1.0
77208000-77209000 rwxp 0000b000 08:08 1392676    /usr/lib/libXi.so.6.1.0
77209000-77321000 r-xp 00000000 08:08 1392647    /usr/lib/libX11.so.6.3.0
77321000-77325000 rwxp 00117000 08:08 1392647    /usr/lib/libX11.so.6.3.0
77325000-77332000 r-xp 00000000 08:08 1392657    /usr/lib/libXext.so.6.4.0
77332000-77333000 rwxp 0000d000 08:08 1392657    /usr/lib/libXext.so.6.4.0
77335000-77336000 ---p 00000000 00:00 0 
77336000-77346000 rwxp 00000000 00:00 0 
77346000-7734d000 r-xp 00000000 08:08 1368253    /opt/java/jre/lib/i386/libnio.so
7734d000-7734e000 rwxp 00006000 08:08 1368253    /opt/java/jre/lib/i386/libnio.so
7734e000-77350000 r-xp 00000000 08:08 1392698    /usr/lib/libXinerama.so.1.0.0
77350000-77351000 rwxp 00001000 08:08 1392698    /usr/lib/libXinerama.so.1.0.0
77351000-773d5000 r-xp 00000000 08:08 1368263    /opt/java/jre/lib/i386/libawt.so
773d5000-773dc000 rwxp 00084000 08:08 1368263    /opt/java/jre/lib/i386/libawt.so
773dc000-77400000 rwxp 00000000 00:00 0 
77400000-77500000 rwxp 00000000 00:00 0 
77500000-77501000 rwxp 00000000 00:00 0 
77501000-77503000 rwxs 00002000 00:05 1687       /dev/ati/card0
77503000-77507000 r-xp 00000000 08:08 474194     /usr/lib/libXdmcp.so.6.0.0
77507000-77508000 rwxp 00003000 08:08 474194     /usr/lib/libXdmcp.so.6.0.0
77508000-7754b000 r-xp 00000000 08:08 1376855    /opt/java/jre/lib/i386/xawt/libmawt.so
7754b000-7754d000 rwxp 00043000 08:08 1376855    /opt/java/jre/lib/i386/xawt/libmawt.so
7754d000-7754e000 rwxp 00000000 00:00 0 
7754e000-775ad000 r-xs 005d3000 08:09 9675060    /home/dunno/.m2/repository/org/scala-lang/scala-library/2.8.1/scala-library-2.8.1.jar
775ad000-775ae000 ---p 00000000 00:00 0 
775ae000-7762e000 rwxp 00000000 00:00 0 
7762e000-77631000 ---p 00000000 00:00 0 
77631000-7767f000 rwxp 00000000 00:00 0 
7767f000-77682000 ---p 00000000 00:00 0 
77682000-77700000 rwxp 00000000 00:00 0 
77700000-777fa000 rwxp 00000000 00:00 0 
777fa000-77800000 ---p 00000000 00:00 0 
77800000-77801000 rwxs 00005000 00:05 1687       /dev/ati/card0
77801000-77802000 r-xp 00000000 08:08 1368271    /opt/java/jre/lib/i386/libjawt.so
77802000-77803000 rwxp 00000000 08:08 1368271    /opt/java/jre/lib/i386/libjawt.so
77803000-77805000 r-xp 00000000 08:08 474244     /usr/lib/libXau.so.6.0.0
77805000-77806000 rwxp 00001000 08:08 474244     /usr/lib/libXau.so.6.0.0
77806000-7780a000 r-xp 00000000 08:08 1392679    /usr/lib/libXtst.so.6.1.0
7780a000-7780b000 rwxp 00003000 08:08 1392679    /usr/lib/libXtst.so.6.1.0
7780b000-7780d000 r-xs 00005000 08:09 9684080    /home/dunno/.m2/repository/org/apache/maven/surefire/surefire-junit3/2.7.2/surefire-junit3-2.7.2.jar
7780d000-7780f000 r-xs 0000a000 08:09 9675066    /home/dunno/.m2/repository/org/json/json/20090211/json-20090211.jar
7780f000-77811000 r-xs 0000d000 08:09 9675094    /home/dunno/.m2/repository/jcraft/jorbis/0.0.15/jorbis-0.0.15.jar
77811000-77812000 r-xs 00001000 08:09 9675053    /home/dunno/.m2/repository/jcraft/jogg/0.0.7/jogg-0.0.7.jar
77812000-77814000 r-xs 00008000 08:09 9675044    /home/dunno/.m2/repository/ibxm/ibxm/unknown/ibxm-unknown.jar
77814000-77816000 r-xs 00019000 08:09 9675045    /home/dunno/.m2/repository/phys2d/phys2d/060408/phys2d-060408.jar
77816000-77821000 r-xs 00093000 08:09 9675007    /home/dunno/.m2/repository/slick/slick/274/slick-274.jar
77821000-77826000 r-xs 00030000 08:09 9675113    /home/dunno/.m2/repository/org/lwjgl/lwjgl-jinput/2.6/lwjgl-jinput-2.6.jar
77826000-77832000 r-xs 000c8000 08:09 9675071    /home/dunno/.m2/repository/org/lwjgl/lwjgl/2.6/lwjgl-2.6.jar
77832000-77839000 r-xs 00053000 08:09 9675084    /home/dunno/.m2/repository/log4j/log4j/1.2.14/log4j-1.2.14.jar
77839000-7783c000 ---p 00000000 00:00 0 
7783c000-778ba000 rwxp 00000000 00:00 0 
778ba000-778bd000 ---p 00000000 00:00 0 
778bd000-7790b000 rwxp 00000000 00:00 0 
7790b000-77a2b000 r-xp 001b2000 08:08 475277     /usr/lib/locale/locale-archive
77a2b000-77c2b000 r-xp 00000000 08:08 475277     /usr/lib/locale/locale-archive
77c2b000-77c2e000 ---p 00000000 00:00 0 
77c2e000-77c7c000 rwxp 00000000 00:00 0 
77c7c000-77c7f000 ---p 00000000 00:00 0 
77c7f000-77ccd000 rwxp 00000000 00:00 0 
77ccd000-77cce000 ---p 00000000 00:00 0 
77cce000-77d82000 rwxp 00000000 00:00 0 
77d82000-77f1a000 r-xs 0302a000 08:08 1368170    /opt/java/jre/lib/rt.jar
77f1a000-77f1b000 ---p 00000000 00:00 0 
77f1b000-77f9b000 rwxp 00000000 00:00 0 
77f9b000-77f9c000 ---p 00000000 00:00 0 
77f9c000-7801c000 rwxp 00000000 00:00 0 
7801c000-7801d000 ---p 00000000 00:00 0 
7801d000-7809d000 rwxp 00000000 00:00 0 
7809d000-7809e000 ---p 00000000 00:00 0 
7809e000-78126000 rwxp 00000000 00:00 0 
78126000-7813e000 rwxp 00000000 00:00 0 
7813e000-78151000 rwxp 00000000 00:00 0 
78151000-78265000 rwxp 00000000 00:00 0 
78265000-7826d000 rwxp 00000000 00:00 0 
7826d000-78285000 rwxp 00000000 00:00 0 
78285000-78298000 rwxp 00000000 00:00 0 
78298000-783ab000 rwxp 00000000 00:00 0 
783ab000-783bc000 rwxp 00000000 00:00 0 
783bc000-7843f000 rwxp 00000000 00:00 0 
7843f000-79440000 rwxp 00000000 00:00 0 
79440000-7c440000 rwxp 00000000 00:00 0 
7c440000-7e910000 rwxp 00000000 00:00 0 
7e910000-a11a0000 rwxp 00000000 00:00 0 
a11a0000-a3190000 rwxp 00000000 00:00 0 
a3190000-a31e0000 ---p 00000000 00:00 0 
a31e0000-b3840000 rwxp 00000000 00:00 0 
b3840000-b3841000 r-xs 00001000 08:09 9675077    /home/dunno/.m2/repository/javax/jnlp/jnlp/1.2/jnlp-1.2.jar
b3841000-b3844000 r-xs 0001d000 08:09 9675182    /home/dunno/.m2/repository/org/lwjgl/lwjgl-util/2.6/lwjgl-util-2.6.jar
b3844000-b384b000 r-xs 0004a000 08:09 9978067    /home/dunno/.m2/repository/su/msk/dunno/scage/0.5/scage-0.5.jar
b384b000-b384e000 r-xs 0001b000 08:09 9675073    /home/dunno/.m2/repository/junit/junit/3.8.1/junit-3.8.1.jar
b384e000-b3857000 rwxp 00000000 00:00 0 
b3857000-b390e000 rwxp 00000000 00:00 0 
b390e000-b3b4e000 rwxp 00000000 00:00 0 
b3b4e000-b690e000 rwxp 00000000 00:00 0 
b690e000-b6923000 r-xp 00000000 08:08 819223     /lib/libnsl-2.13.so
b6923000-b6924000 r-xp 00015000 08:08 819223     /lib/libnsl-2.13.so
b6924000-b6925000 rwxp 00016000 08:08 819223     /lib/libnsl-2.13.so
b6925000-b6927000 rwxp 00000000 00:00 0 
b6927000-b6928000 r-xs 00038000 08:09 9675196    /home/dunno/.m2/repository/org/lwjgl/lwjgl-native/2.1.0/lwjgl-native-2.1.0-win32.jar
b6928000-b692c000 r-xs 0001a000 08:09 9684059    /home/dunno/.m2/repository/org/apache/maven/surefire/surefire-api/2.7.2/surefire-api-2.7.2.jar
b692c000-b693b000 r-xp 00000000 08:08 1368248    /opt/java/jre/lib/i386/libzip.so
b693b000-b693d000 rwxp 0000e000 08:08 1368248    /opt/java/jre/lib/i386/libzip.so
b693d000-b6945000 rwxs 00000000 08:08 1974309    /tmp/hsperfdata_dunno/2320
b6945000-b6968000 r-xp 00000000 08:08 1368247    /opt/java/jre/lib/i386/libjava.so
b6968000-b696a000 rwxp 00023000 08:08 1368247    /opt/java/jre/lib/i386/libjava.so
b696a000-b6971000 r-xp 00000000 08:08 819500     /lib/librt-2.13.so
b6971000-b6972000 r-xp 00006000 08:08 819500     /lib/librt-2.13.so
b6972000-b6973000 rwxp 00007000 08:08 819500     /lib/librt-2.13.so
b6973000-b6976000 ---p 00000000 00:00 0 
b6976000-b69c4000 rwxp 00000000 00:00 0 
b69c4000-b69ec000 r-xp 00000000 08:08 819212     /lib/libm-2.13.so
b69ec000-b69ed000 r-xp 00027000 08:08 819212     /lib/libm-2.13.so
b69ed000-b69ee000 rwxp 00028000 08:08 819212     /lib/libm-2.13.so
b69ee000-b71a0000 r-xp 00000000 08:08 1376863    /opt/java/jre/lib/i386/server/libjvm.so
b71a0000-b71f4000 rwxp 007b1000 08:08 1376863    /opt/java/jre/lib/i386/server/libjvm.so
b71f4000-b7613000 rwxp 00000000 00:00 0 
b7613000-b7772000 r-xp 00000000 08:08 819213     /lib/libc-2.13.so
b7772000-b7773000 ---p 0015f000 08:08 819213     /lib/libc-2.13.so
b7773000-b7775000 r-xp 0015f000 08:08 819213     /lib/libc-2.13.so
b7775000-b7776000 rwxp 00161000 08:08 819213     /lib/libc-2.13.so
b7776000-b777a000 rwxp 00000000 00:00 0 
b777a000-b777d000 r-xp 00000000 08:08 819202     /lib/libdl-2.13.so
b777d000-b777e000 r-xp 00002000 08:08 819202     /lib/libdl-2.13.so
b777e000-b777f000 rwxp 00003000 08:08 819202     /lib/libdl-2.13.so
b777f000-b7786000 r-xp 00000000 08:08 1376856    /opt/java/jre/lib/i386/jli/libjli.so
b7786000-b7788000 rwxp 00006000 08:08 1376856    /opt/java/jre/lib/i386/jli/libjli.so
b7788000-b779f000 r-xp 00000000 08:08 819211     /lib/libpthread-2.13.so
b779f000-b77a0000 r-xp 00016000 08:08 819211     /lib/libpthread-2.13.so
b77a0000-b77a1000 rwxp 00017000 08:08 819211     /lib/libpthread-2.13.so
b77a1000-b77a3000 rwxp 00000000 00:00 0 
b77a3000-b77a4000 r-xs 00170000 08:09 9675134    /home/dunno/.m2/repository/org/lwjgl/lwjgl-native/2.6/lwjgl-native-2.6.jar
b77a4000-b77a5000 r-xs 00007000 08:09 9684058    /home/dunno/.m2/repository/org/apache/maven/surefire/surefire-booter/2.7.2/surefire-booter-2.7.2.jar
b77a5000-b77a6000 r-xs 00000000 08:09 9978072    /home/dunno/code/projects/q/target/surefire/surefirebooter3895522297007928476.jar
b77a6000-b77b1000 r-xp 00000000 08:08 819234     /lib/libnss_files-2.13.so
b77b1000-b77b2000 r-xp 0000a000 08:08 819234     /lib/libnss_files-2.13.so
b77b2000-b77b3000 rwxp 0000b000 08:08 819234     /lib/libnss_files-2.13.so
b77b3000-b77b4000 rwxp 00000000 00:00 0 
b77b4000-b77b5000 r-xp 00000000 00:00 0 
b77b5000-b77c0000 r-xp 00000000 08:08 1368246    /opt/java/jre/lib/i386/libverify.so
b77c0000-b77c1000 rwxp 0000b000 08:08 1368246    /opt/java/jre/lib/i386/libverify.so
b77c1000-b77c2000 rwxp 00000000 00:00 0 
b77c2000-b77c3000 r-xp 00000000 00:00 0          [vdso]
b77c3000-b77e1000 r-xp 00000000 08:08 819228     /lib/ld-2.13.so
b77e1000-b77e2000 r-xp 0001d000 08:08 819228     /lib/ld-2.13.so
b77e2000-b77e3000 rwxp 0001e000 08:08 819228     /lib/ld-2.13.so
bf7ed000-bf80e000 rwxp 00000000 00:00 0          [stack]

VM Arguments:
jvm_args: -Djava.library.path=/home/dunno/code/projects/q/target/native/linux -DLWJGL_DISABLE_XRANDR=true 
java_command: /home/dunno/code/projects/q/target/surefire/surefirebooter3895522297007928476.jar /home/dunno/code/projects/q/target/surefire/surefire3261044640809172324tmp /home/dunno/code/projects/q/target/surefire/surefire5233672500236320696tmp
Launcher Type: SUN_STANDARD

Environment Variables:
JAVA_HOME=/opt/java
CLASSPATH=../lib/bootstrap.jar:../lib/util.jar:../lib/jdom.jar:../lib/log4j.jar:../lib/extensions.jar:../lib/trove4j.jar:/opt/java/lib/tools.jar:
PATH=/usr/local/bin:/usr/bin:/bin:/usr/local/sbin:/usr/sbin:/sbin:/usr/share/java/apache-ant/bin:/opt/groovy/bin:/opt/java/bin:/opt/java/db/bin:/opt/java/jre/bin:/opt/maven/bin:/usr/bin/vendor_perl:/usr/bin/core_perl
USERNAME=dunno
LD_LIBRARY_PATH=/opt/java/jre/lib/i386/server:/opt/java/jre/lib/i386:/opt/java/jre/../lib/i386:.:
SHELL=/bin/bash
DISPLAY=:0.0

Signal Handlers:
SIGSEGV: [libjvm.so+0x725370], sa_mask[0]=0x7ffbfeff, sa_flags=0x10000004
SIGBUS: [libjvm.so+0x725370], sa_mask[0]=0x7ffbfeff, sa_flags=0x10000004
SIGFPE: [libjvm.so+0x5dfd80], sa_mask[0]=0x7ffbfeff, sa_flags=0x10000004
SIGPIPE: [libjvm.so+0x5dfd80], sa_mask[0]=0x7ffbfeff, sa_flags=0x10000004
SIGXFSZ: [libjvm.so+0x5dfd80], sa_mask[0]=0x7ffbfeff, sa_flags=0x10000004
SIGILL: [libjvm.so+0x5dfd80], sa_mask[0]=0x7ffbfeff, sa_flags=0x10000004
SIGUSR1: SIG_DFL, sa_mask[0]=0x00000000, sa_flags=0x00000000
SIGUSR2: [libjvm.so+0x5e2fc0], sa_mask[0]=0x00000004, sa_flags=0x10000004
SIGHUP: [libjvm.so+0x5e2ba0], sa_mask[0]=0x7ffbfeff, sa_flags=0x10000004
SIGINT: [libjvm.so+0x5e2ba0], sa_mask[0]=0x7ffbfeff, sa_flags=0x10000004
SIGTERM: [libjvm.so+0x5e2ba0], sa_mask[0]=0x7ffbfeff, sa_flags=0x10000004
SIGQUIT: [libjvm.so+0x5e2ba0], sa_mask[0]=0x7ffbfeff, sa_flags=0x10000004


---------------  S Y S T E M  ---------------

OS:Linux
uname:Linux 2.6.38-ARCH #1 SMP PREEMPT Fri Apr 22 17:48:36 UTC 2011 i686
libc:glibc 2.13 NPTL 2.13 
rlimit: STACK 8192k, CORE 0k, NPROC 28234, NOFILE 1024, AS infinity
load average:3.18 1.11 0.50

/proc/meminfo:
MemTotal:        3616048 kB
MemFree:         1694096 kB
Buffers:           52876 kB
Cached:           512588 kB
SwapCached:            0 kB
Active:          1354432 kB
Inactive:         428928 kB
Active(anon):    1218172 kB
Inactive(anon):     6752 kB
Active(file):     136260 kB
Inactive(file):   422176 kB
Unevictable:           0 kB
Mlocked:               0 kB
HighTotal:       2760264 kB
HighFree:         951160 kB
LowTotal:         855784 kB
LowFree:          742936 kB
SwapTotal:       3951952 kB
SwapFree:        3951952 kB
Dirty:             11556 kB
Writeback:             0 kB
AnonPages:       1213864 kB
Mapped:           156964 kB
Shmem:              7008 kB
Slab:              37648 kB
SReclaimable:      26876 kB
SUnreclaim:        10772 kB
KernelStack:        3344 kB
PageTables:         4332 kB
NFS_Unstable:          0 kB
Bounce:                0 kB
WritebackTmp:          0 kB
CommitLimit:     5759976 kB
Committed_AS:    2082672 kB
VmallocTotal:     122880 kB
VmallocUsed:       30428 kB
VmallocChunk:      78880 kB
HardwareCorrupted:     0 kB
AnonHugePages:    446464 kB
HugePages_Total:       0
HugePages_Free:        0
HugePages_Rsvd:        0
HugePages_Surp:        0
Hugepagesize:       4096 kB
DirectMap4k:       12280 kB
DirectMap4M:      897024 kB


CPU:total 4 (4 cores per cpu, 1 threads per core) family 6 model 15 stepping 11, cmov, cx8, fxsr, mmx, sse, sse2, sse3, ssse3

/proc/cpuinfo:
processor	: 0
vendor_id	: GenuineIntel
cpu family	: 6
model		: 15
model name	: Intel(R) Core(TM)2 Quad CPU    Q6600  @ 2.40GHz
stepping	: 11
cpu MHz		: 2399.745
cache size	: 4096 KB
physical id	: 0
siblings	: 4
core id		: 0
cpu cores	: 4
apicid		: 0
initial apicid	: 0
fdiv_bug	: no
hlt_bug		: no
f00f_bug	: no
coma_bug	: no
fpu		: yes
fpu_exception	: yes
cpuid level	: 10
wp		: yes
flags		: fpu vme de pse tsc msr pae mce cx8 apic sep mtrr pge mca cmov pat pse36 clflush dts acpi mmx fxsr sse sse2 ss ht tm pbe nx lm constant_tsc arch_perfmon pebs bts aperfmperf pni dtes64 monitor ds_cpl vmx est tm2 ssse3 cx16 xtpr pdcm lahf_lm dts tpr_shadow vnmi flexpriority
bogomips	: 4801.46
clflush size	: 64
cache_alignment	: 64
address sizes	: 36 bits physical, 48 bits virtual
power management:

processor	: 1
vendor_id	: GenuineIntel
cpu family	: 6
model		: 15
model name	: Intel(R) Core(TM)2 Quad CPU    Q6600  @ 2.40GHz
stepping	: 11
cpu MHz		: 2399.745
cache size	: 4096 KB
physical id	: 0
siblings	: 4
core id		: 1
cpu cores	: 4
apicid		: 1
initial apicid	: 1
fdiv_bug	: no
hlt_bug		: no
f00f_bug	: no
coma_bug	: no
fpu		: yes
fpu_exception	: yes
cpuid level	: 10
wp		: yes
flags		: fpu vme de pse tsc msr pae mce cx8 apic sep mtrr pge mca cmov pat pse36 clflush dts acpi mmx fxsr sse sse2 ss ht tm pbe nx lm constant_tsc arch_perfmon pebs bts aperfmperf pni dtes64 monitor ds_cpl vmx est tm2 ssse3 cx16 xtpr pdcm lahf_lm dts tpr_shadow vnmi flexpriority
bogomips	: 4801.99
clflush size	: 64
cache_alignment	: 64
address sizes	: 36 bits physical, 48 bits virtual
power management:

processor	: 2
vendor_id	: GenuineIntel
cpu family	: 6
model		: 15
model name	: Intel(R) Core(TM)2 Quad CPU    Q6600  @ 2.40GHz
stepping	: 11
cpu MHz		: 2399.745
cache size	: 4096 KB
physical id	: 0
siblings	: 4
core id		: 2
cpu cores	: 4
apicid		: 2
initial apicid	: 2
fdiv_bug	: no
hlt_bug		: no
f00f_bug	: no
coma_bug	: no
fpu		: yes
fpu_exception	: yes
cpuid level	: 10
wp		: yes
flags		: fpu vme de pse tsc msr pae mce cx8 apic sep mtrr pge mca cmov pat pse36 clflush dts acpi mmx fxsr sse sse2 ss ht tm pbe nx lm constant_tsc arch_perfmon pebs bts aperfmperf pni dtes64 monitor ds_cpl vmx est tm2 ssse3 cx16 xtpr pdcm lahf_lm dts tpr_shadow vnmi flexpriority
bogomips	: 4801.01
clflush size	: 64
cache_alignment	: 64
address sizes	: 36 bits physical, 48 bits virtual
power management:

processor	: 3
vendor_id	: GenuineIntel
cpu family	: 6
model		: 15
model name	: Intel(R) Core(TM)2 Quad CPU    Q6600  @ 2.40GHz
stepping	: 11
cpu MHz		: 2399.745
cache size	: 4096 KB
physical id	: 0
siblings	: 4
core id		: 3
cpu cores	: 4
apicid		: 3
initial apicid	: 3
fdiv_bug	: no
hlt_bug		: no
f00f_bug	: no
coma_bug	: no
fpu		: yes
fpu_exception	: yes
cpuid level	: 10
wp		: yes
flags		: fpu vme de pse tsc msr pae mce cx8 apic sep mtrr pge mca cmov pat pse36 clflush dts acpi mmx fxsr sse sse2 ss ht tm pbe nx lm constant_tsc arch_perfmon pebs bts aperfmperf pni dtes64 monitor ds_cpl vmx est tm2 ssse3 cx16 xtpr pdcm lahf_lm dts tpr_shadow vnmi flexpriority
bogomips	: 4801.01
clflush size	: 64
cache_alignment	: 64
address sizes	: 36 bits physical, 48 bits virtual
power management:



Memory: 4k page, physical 3616048k(1694096k free), swap 3951952k(3951952k free)

vm_info: Java HotSpot(TM) Server VM (20.0-b11) for linux-x86 JRE (1.6.0_25-b06), built on Apr 14 2011 01:12:39 by "java_re" with gcc 3.2.1-7a (J2SE release)

