#
# A fatal error has been detected by the Java Runtime Environment:
#
#  SIGSEGV (0xb) at pc=0xb7727424, pid=7474, tid=1999952752
#
# JRE version: 6.0_25-b06
# Java VM: Java HotSpot(TM) Server VM (20.0-b11 mixed mode linux-x86 )
# Problematic frame:
# C  [+0x424]  __kernel_vsyscall+0x10
#
# If you would like to submit a bug report, please visit:
#   http://java.sun.com/webapps/bugreport/crash.jsp
#

---------------  T H R E A D  ---------------

Current thread is native thread

siginfo:si_signo=SIGSEGV: si_errno=0, si_code=-6 (FPE_FLTOVF), si_addr=0x00001d32

Registers:
EAX=0x00000000, EBX=0x00001d32, ECX=0x00001d44, EDX=0x0000000b
ESP=0x7734d280, EBP=0x7734d398, ESI=0x00000020, EDI=0xb7704ff4
EIP=0xb7727424, EFLAGS=0x00000202, CR2=0x00000004

Top of Stack: (sp=0x7734d280)
0x7734d280:   7734d398 0000000b 00001d44 b76fbbfe
0x7734d290:   b7704ff4 76d4d680 767d1b23 0000000b
0x7734d2a0:   00000000 00000000 00000000 00001000
0x7734d2b0:   00000000 00000000 00000000 00000000
0x7734d2c0:   00000000 7fffffff fffffffe ffffffff
0x7734d2d0:   ffffffff ffffffff ffffffff ffffffff
0x7734d2e0:   ffffffff ffffffff ffffffff ffffffff
0x7734d2f0:   ffffffff ffffffff ffffffff ffffffff 

Instructions: (pc=0xb7727424)
0xb7727404:   00 00 cd 80 90 8d 76 00 b8 ad 00 00 00 cd 80 90
0xb7727414:   51 52 55 89 e5 0f 34 90 90 90 90 90 90 90 eb f3
0xb7727424:   5d 5a 59 c3 00 2e 73 68 73 74 72 74 61 62 00 2e
0xb7727434:   68 61 73 68 00 2e 64 79 6e 73 79 6d 00 2e 64 79 

Register to memory mapping:

EAX=0x00000000 is an unknown value
EBX=0x00001d32 is an unknown value
ECX=0x00001d44 is an unknown value
EDX=0x0000000b is an unknown value
ESP=0x7734d280 is an unknown value
EBP=0x7734d398 is an unknown value
ESI=0x00000020 is an unknown value
EDI=0xb7704ff4: <offset 0x17ff4> in /lib/libpthread.so.0 at 0xb76ed000


Stack: [0x7733d000,0x7734e000],  sp=0x7734d280,  free space=64k
Native frames: (J=compiled Java code, j=interpreted, Vv=VM code, C=native code)
C  [+0x424]  __kernel_vsyscall+0x10
C  [libpthread.so.0+0x6c77]
[error occurred during error reporting (printing native stack), id 0xb]


---------------  P R O C E S S  ---------------

VM state:not at safepoint (normal execution)

VM Mutex/Monitor currently owned by a thread: None

Heap
 PSYoungGen      total 16512K, used 6616K [0xa1110000, 0xa2370000, 0xb37b0000)
  eden space 14208K, 36% used [0xa1110000,0xa16302a0,0xa1ef0000)
  from space 2304K, 59% used [0xa2130000,0xa2285e20,0xa2370000)
  to   space 2304K, 0% used [0xa1ef0000,0xa1ef0000,0xa2130000)
 PSOldGen        total 37696K, used 0K [0x7c3b0000, 0x7e880000, 0xa1110000)
  object space 37696K, 0% used [0x7c3b0000,0x7c3b0000,0x7e880000)
 PSPermGen       total 16384K, used 11427K [0x783b0000, 0x793b0000, 0x7c3b0000)
  object space 16384K, 69% used [0x783b0000,0x78ed8d48,0x793b0000)

Code Cache  [0xb3873000, 0xb3ab3000, 0xb6873000)
 total_blobs=494 nmethods=215 adapters=233 free_code_cache=49515584 largest_free_block=7616

Dynamic libraries:
08048000-08052000 r-xp 00000000 08:08 1368290    /opt/java/jre/bin/java
08052000-08053000 rwxp 00009000 08:08 1368290    /opt/java/jre/bin/java
091bf000-0a0b7000 rwxp 00000000 00:00 0          [heap]
723fd000-723fe000 ---p 00000000 00:00 0 
723fe000-725fe000 rwxp 00000000 00:00 0 
725fe000-725ff000 ---p 00000000 00:00 0 
725ff000-727ff000 rwxp 00000000 00:00 0 
727ff000-72800000 ---p 00000000 00:00 0 
72800000-72a00000 rwxp 00000000 00:00 0 
72a00000-72af7000 rwxp 00000000 00:00 0 
72af7000-72b00000 ---p 00000000 00:00 0 
72c00000-72ce6000 rwxp 00000000 00:00 0 
72ce6000-72d00000 ---p 00000000 00:00 0 
72d00000-72ddf000 rwxp 00000000 00:00 0 
72ddf000-72e00000 ---p 00000000 00:00 0 
72e00000-72ed9000 rwxp 00000000 00:00 0 
72ed9000-72f00000 ---p 00000000 00:00 0 
73200000-732f9000 rwxp 00000000 00:00 0 
732f9000-73300000 ---p 00000000 00:00 0 
73400000-73500000 rwxp 00000000 00:00 0 
73599000-73799000 rwxs e3dba000 00:05 6385       /dev/ati/card0
73800000-73900000 rwxs 0932e000 00:05 6385       /dev/ati/card0
73900000-739f7000 rwxp 00000000 00:00 0 
739f7000-73a00000 ---p 00000000 00:00 0 
73a00000-73b00000 rwxp 00000000 00:00 0 
73b00000-73bfe000 rwxp 00000000 00:00 0 
73bfe000-73c00000 ---p 00000000 00:00 0 
73c00000-73cfc000 rwxp 00000000 00:00 0 
73cfc000-73d00000 ---p 00000000 00:00 0 
73d00000-73df9000 rwxp 00000000 00:00 0 
73df9000-73e00000 ---p 00000000 00:00 0 
73e00000-73eea000 rwxp 00000000 00:00 0 
73eea000-73f00000 ---p 00000000 00:00 0 
73f00000-73ff7000 rwxp 00000000 00:00 0 
73ff7000-74000000 ---p 00000000 00:00 0 
74000000-740ff000 rwxp 00000000 00:00 0 
740ff000-74100000 ---p 00000000 00:00 0 
74100000-74200000 rwxs 08e3c000 00:05 6385       /dev/ati/card0
74200000-742fa000 rwxp 00000000 00:00 0 
742fa000-74300000 ---p 00000000 00:00 0 
74300000-743f9000 rwxp 00000000 00:00 0 
743f9000-74400000 ---p 00000000 00:00 0 
74400000-744fe000 rwxp 00000000 00:00 0 
744fe000-74500000 ---p 00000000 00:00 0 
74520000-74535000 r-xp 00000000 08:08 1368261    /opt/java/jre/lib/i386/libdcpr.so
74535000-74548000 rwxp 00014000 08:08 1368261    /opt/java/jre/lib/i386/libdcpr.so
74549000-74649000 rwxs 08dfe000 00:05 6385       /dev/ati/card0
7464b000-7474b000 rwxs 0917d000 00:05 6385       /dev/ati/card0
7474b000-7475f000 r-xp 00000000 08:08 1368252    /opt/java/jre/lib/i386/libnet.so
7475f000-74760000 rwxp 00013000 08:08 1368252    /opt/java/jre/lib/i386/libnet.so
74760000-747a0000 rwxs 00014000 00:05 6385       /dev/ati/card0
747a0000-74ea0000 rwxs 00006000 00:05 6385       /dev/ati/card0
74ea0000-74f20000 rwxp 00000000 00:00 0 
74f20000-74f53000 r-xp 00000000 08:08 1394722    /usr/lib/libatiadlxx.so
74f53000-74f54000 rwxp 00033000 08:08 1394722    /usr/lib/libatiadlxx.so
74f72000-74f92000 rwxs feac0000 00:05 6385       /dev/ati/card0
74f92000-74f99000 r-xp 00000000 08:08 1394716    /usr/lib/libatiuki.so.1.0
74f99000-74f9a000 rwxp 00006000 08:08 1394716    /usr/lib/libatiuki.so.1.0
74f9a000-76bbd000 r-xp 00000000 08:08 550254     /usr/lib/xorg/modules/dri/fglrx_dri.so
76bbd000-76c98000 rwxp 01c23000 08:08 550254     /usr/lib/xorg/modules/dri/fglrx_dri.so
76c98000-76d4f000 rwxp 00000000 00:00 0 
76d4f000-76d6b000 r-xp 00000000 08:08 468157     /usr/lib/libgcc_s.so.1
76d6b000-76d6c000 rwxp 0001b000 08:08 468157     /usr/lib/libgcc_s.so.1
76d6c000-76e35000 r-xp 00000000 08:08 550261     /usr/lib/fglrx/fglrx-libGL.so.1.2
76e35000-76e40000 rwxp 000c8000 08:08 550261     /usr/lib/fglrx/fglrx-libGL.so.1.2
76e40000-76e56000 rwxp 00000000 00:00 0 
76e56000-76e59000 ---p 00000000 00:00 0 
76e59000-76ea7000 rwxp 00000000 00:00 0 
76ea7000-76ead000 r-xp 00000000 08:08 1392743    /usr/lib/libXrandr.so.2.2.0
76ead000-76eae000 rwxp 00005000 08:08 1392743    /usr/lib/libXrandr.so.2.2.0
76eae000-76f08000 r-xp 00000000 08:09 9977941    /home/dunno/code/projects/q/target/native/linux/liblwjgl.so
76f08000-76f09000 ---p 0005a000 08:09 9977941    /home/dunno/code/projects/q/target/native/linux/liblwjgl.so
76f09000-76f0a000 r-xp 0005a000 08:09 9977941    /home/dunno/code/projects/q/target/native/linux/liblwjgl.so
76f0a000-76f0b000 rwxp 0005b000 08:09 9977941    /home/dunno/code/projects/q/target/native/linux/liblwjgl.so
76f0b000-76f0e000 ---p 00000000 00:00 0 
76f0e000-76f5c000 rwxp 00000000 00:00 0 
76f5c000-76f5f000 ---p 00000000 00:00 0 
76f5f000-76fad000 rwxp 00000000 00:00 0 
76fad000-77026000 r-xp 00000000 08:08 1368265    /opt/java/jre/lib/i386/libfontmanager.so
77026000-77030000 rwxp 00078000 08:08 1368265    /opt/java/jre/lib/i386/libfontmanager.so
77030000-77035000 rwxp 00000000 00:00 0 
77035000-7714d000 r-xp 00000000 08:08 1392647    /usr/lib/libX11.so.6.3.0
7714d000-77151000 rwxp 00117000 08:08 1392647    /usr/lib/libX11.so.6.3.0
77151000-771d5000 r-xp 00000000 08:08 1368263    /opt/java/jre/lib/i386/libawt.so
771d5000-771dc000 rwxp 00084000 08:08 1368263    /opt/java/jre/lib/i386/libawt.so
771dc000-77200000 rwxp 00000000 00:00 0 
77200000-772fd000 rwxp 00000000 00:00 0 
772fd000-77300000 ---p 00000000 00:00 0 
77300000-77301000 r-xp 00000000 08:08 1368271    /opt/java/jre/lib/i386/libjawt.so
77301000-77302000 rwxp 00000000 08:08 1368271    /opt/java/jre/lib/i386/libjawt.so
77302000-77306000 r-xp 00000000 08:08 1392693    /usr/lib/libXfixes.so.3.1.0
77306000-77307000 rwxp 00003000 08:08 1392693    /usr/lib/libXfixes.so.3.1.0
77307000-7730e000 r-xp 00000000 08:08 1392690    /usr/lib/libXrender.so.1.3.0
7730e000-7730f000 rwxp 00007000 08:08 1392690    /usr/lib/libXrender.so.1.3.0
7730f000-77317000 r-xp 00000000 08:08 1392747    /usr/lib/libXcursor.so.1.0.2
77317000-77318000 rwxp 00007000 08:08 1392747    /usr/lib/libXcursor.so.1.0.2
77318000-7732f000 r-xp 00000000 08:08 474257     /usr/lib/libxcb.so.1.1.0
7732f000-77330000 rwxp 00016000 08:08 474257     /usr/lib/libxcb.so.1.1.0
77330000-7733c000 r-xp 00000000 08:08 1392676    /usr/lib/libXi.so.6.1.0
7733c000-7733d000 rwxp 0000b000 08:08 1392676    /usr/lib/libXi.so.6.1.0
7733d000-7733e000 ---p 00000000 00:00 0 
7733e000-7734e000 rwxp 00000000 00:00 0 
7734e000-77355000 r-xp 00000000 08:08 1368253    /opt/java/jre/lib/i386/libnio.so
77355000-77356000 rwxp 00006000 08:08 1368253    /opt/java/jre/lib/i386/libnio.so
77356000-77358000 r-xp 00000000 08:08 1392698    /usr/lib/libXinerama.so.1.0.0
77358000-77359000 rwxp 00001000 08:08 1392698    /usr/lib/libXinerama.so.1.0.0
77359000-7735b000 rwxs 00002000 00:05 6385       /dev/ati/card0
7735b000-7739e000 r-xp 00000000 08:08 1376855    /opt/java/jre/lib/i386/xawt/libmawt.so
7739e000-773a0000 rwxp 00043000 08:08 1376855    /opt/java/jre/lib/i386/xawt/libmawt.so
773a0000-773a1000 rwxp 00000000 00:00 0 
773a1000-77400000 r-xs 005d3000 08:09 9675060    /home/dunno/.m2/repository/org/scala-lang/scala-library/2.8.1/scala-library-2.8.1.jar
77400000-774fd000 rwxp 00000000 00:00 0 
774fd000-77500000 ---p 00000000 00:00 0 
77500000-77504000 r-xp 00000000 08:08 474194     /usr/lib/libXdmcp.so.6.0.0
77504000-77505000 rwxp 00003000 08:08 474194     /usr/lib/libXdmcp.so.6.0.0
77505000-77507000 r-xp 00000000 08:08 474244     /usr/lib/libXau.so.6.0.0
77507000-77508000 rwxp 00001000 08:08 474244     /usr/lib/libXau.so.6.0.0
77508000-7750c000 r-xp 00000000 08:08 1392679    /usr/lib/libXtst.so.6.1.0
7750c000-7750d000 rwxp 00003000 08:08 1392679    /usr/lib/libXtst.so.6.1.0
7750d000-7751a000 r-xp 00000000 08:08 1392657    /usr/lib/libXext.so.6.4.0
7751a000-7751b000 rwxp 0000d000 08:08 1392657    /usr/lib/libXext.so.6.4.0
7751b000-7751d000 r-xs 00005000 08:09 9684080    /home/dunno/.m2/repository/org/apache/maven/surefire/surefire-junit3/2.7.2/surefire-junit3-2.7.2.jar
7751d000-7751e000 ---p 00000000 00:00 0 
7751e000-7759e000 rwxp 00000000 00:00 0 
7759e000-775a1000 ---p 00000000 00:00 0 
775a1000-775ef000 rwxp 00000000 00:00 0 
775ef000-775f2000 ---p 00000000 00:00 0 
775f2000-77670000 rwxp 00000000 00:00 0 
77670000-77673000 ---p 00000000 00:00 0 
77673000-776f1000 rwxp 00000000 00:00 0 
776f1000-776f4000 ---p 00000000 00:00 0 
776f4000-77742000 rwxp 00000000 00:00 0 
77742000-77862000 r-xp 001b2000 08:08 475277     /usr/lib/locale/locale-archive
77862000-77a62000 r-xp 00000000 08:08 475277     /usr/lib/locale/locale-archive
77a62000-77a65000 ---p 00000000 00:00 0 
77a65000-77ab3000 rwxp 00000000 00:00 0 
77ab3000-77ab4000 ---p 00000000 00:00 0 
77ab4000-77b68000 rwxp 00000000 00:00 0 
77b68000-77d00000 r-xs 0302a000 08:08 1368170    /opt/java/jre/lib/rt.jar
77d00000-77e00000 rwxp 00000000 00:00 0 
77e00000-77e01000 rwxp 00000000 00:00 0 
77e01000-77e03000 r-xs 0000a000 08:09 9675066    /home/dunno/.m2/repository/org/json/json/20090211/json-20090211.jar
77e03000-77e05000 r-xs 0000d000 08:09 9675094    /home/dunno/.m2/repository/jcraft/jorbis/0.0.15/jorbis-0.0.15.jar
77e05000-77e06000 r-xs 00001000 08:09 9675053    /home/dunno/.m2/repository/jcraft/jogg/0.0.7/jogg-0.0.7.jar
77e06000-77e08000 r-xs 00008000 08:09 9675044    /home/dunno/.m2/repository/ibxm/ibxm/unknown/ibxm-unknown.jar
77e08000-77e09000 r-xs 00001000 08:09 9675077    /home/dunno/.m2/repository/javax/jnlp/jnlp/1.2/jnlp-1.2.jar
77e09000-77e0a000 r-xs 00038000 08:09 9675196    /home/dunno/.m2/repository/org/lwjgl/lwjgl-native/2.1.0/lwjgl-native-2.1.0-win32.jar
77e0a000-77e0c000 r-xs 00019000 08:09 9675045    /home/dunno/.m2/repository/phys2d/phys2d/060408/phys2d-060408.jar
77e0c000-77e17000 r-xs 00093000 08:09 9675007    /home/dunno/.m2/repository/slick/slick/274/slick-274.jar
77e17000-77e1c000 r-xs 00030000 08:09 9675113    /home/dunno/.m2/repository/org/lwjgl/lwjgl-jinput/2.6/lwjgl-jinput-2.6.jar
77e1c000-77e1f000 r-xs 0001d000 08:09 9675182    /home/dunno/.m2/repository/org/lwjgl/lwjgl-util/2.6/lwjgl-util-2.6.jar
77e1f000-77e2b000 r-xs 000c8000 08:09 9675071    /home/dunno/.m2/repository/org/lwjgl/lwjgl/2.6/lwjgl-2.6.jar
77e2b000-77e32000 r-xs 00053000 08:09 9675084    /home/dunno/.m2/repository/log4j/log4j/1.2.14/log4j-1.2.14.jar
77e32000-77e39000 r-xs 0004a000 08:09 9978067    /home/dunno/.m2/repository/su/msk/dunno/scage/0.5/scage-0.5.jar
77e39000-77e3c000 ---p 00000000 00:00 0 
77e3c000-77e8a000 rwxp 00000000 00:00 0 
77e8a000-77e8b000 ---p 00000000 00:00 0 
77e8b000-77f0b000 rwxp 00000000 00:00 0 
77f0b000-77f0c000 ---p 00000000 00:00 0 
77f0c000-77f8c000 rwxp 00000000 00:00 0 
77f8c000-77f8d000 ---p 00000000 00:00 0 
77f8d000-7800d000 rwxp 00000000 00:00 0 
7800d000-7800e000 ---p 00000000 00:00 0 
7800e000-78096000 rwxp 00000000 00:00 0 
78096000-780ae000 rwxp 00000000 00:00 0 
780ae000-780c1000 rwxp 00000000 00:00 0 
780c1000-781d5000 rwxp 00000000 00:00 0 
781d5000-781dd000 rwxp 00000000 00:00 0 
781dd000-781f5000 rwxp 00000000 00:00 0 
781f5000-78208000 rwxp 00000000 00:00 0 
78208000-7831b000 rwxp 00000000 00:00 0 
7831b000-78325000 rwxp 00000000 00:00 0 
78325000-783af000 rwxp 00000000 00:00 0 
783af000-793b0000 rwxp 00000000 00:00 0 
793b0000-7c3b0000 rwxp 00000000 00:00 0 
7c3b0000-7e880000 rwxp 00000000 00:00 0 
7e880000-a1110000 rwxp 00000000 00:00 0 
a1110000-a2370000 rwxp 00000000 00:00 0 
a2370000-b37b0000 rwxp 00000000 00:00 0 
b37b0000-b37b3000 r-xs 0001b000 08:09 9675073    /home/dunno/.m2/repository/junit/junit/3.8.1/junit-3.8.1.jar
b37b3000-b37bc000 rwxp 00000000 00:00 0 
b37bc000-b3873000 rwxp 00000000 00:00 0 
b3873000-b3ab3000 rwxp 00000000 00:00 0 
b3ab3000-b6873000 rwxp 00000000 00:00 0 
b6873000-b6888000 r-xp 00000000 08:08 819223     /lib/libnsl-2.13.so
b6888000-b6889000 r-xp 00015000 08:08 819223     /lib/libnsl-2.13.so
b6889000-b688a000 rwxp 00016000 08:08 819223     /lib/libnsl-2.13.so
b688a000-b688c000 rwxp 00000000 00:00 0 
b688c000-b688d000 rwxs 00005000 00:05 6385       /dev/ati/card0
b688d000-b6891000 r-xs 0001a000 08:09 9684059    /home/dunno/.m2/repository/org/apache/maven/surefire/surefire-api/2.7.2/surefire-api-2.7.2.jar
b6891000-b68a0000 r-xp 00000000 08:08 1368248    /opt/java/jre/lib/i386/libzip.so
b68a0000-b68a2000 rwxp 0000e000 08:08 1368248    /opt/java/jre/lib/i386/libzip.so
b68a2000-b68aa000 rwxs 00000000 08:08 1974377    /tmp/hsperfdata_dunno/7474
b68aa000-b68cd000 r-xp 00000000 08:08 1368247    /opt/java/jre/lib/i386/libjava.so
b68cd000-b68cf000 rwxp 00023000 08:08 1368247    /opt/java/jre/lib/i386/libjava.so
b68cf000-b68d6000 r-xp 00000000 08:08 819500     /lib/librt-2.13.so
b68d6000-b68d7000 r-xp 00006000 08:08 819500     /lib/librt-2.13.so
b68d7000-b68d8000 rwxp 00007000 08:08 819500     /lib/librt-2.13.so
b68d8000-b68db000 ---p 00000000 00:00 0 
b68db000-b6929000 rwxp 00000000 00:00 0 
b6929000-b6951000 r-xp 00000000 08:08 819212     /lib/libm-2.13.so
b6951000-b6952000 r-xp 00027000 08:08 819212     /lib/libm-2.13.so
b6952000-b6953000 rwxp 00028000 08:08 819212     /lib/libm-2.13.so
b6953000-b7105000 r-xp 00000000 08:08 1376863    /opt/java/jre/lib/i386/server/libjvm.so
b7105000-b7159000 rwxp 007b1000 08:08 1376863    /opt/java/jre/lib/i386/server/libjvm.so
b7159000-b7578000 rwxp 00000000 00:00 0 
b7578000-b76d7000 r-xp 00000000 08:08 819213     /lib/libc-2.13.so
b76d7000-b76d8000 ---p 0015f000 08:08 819213     /lib/libc-2.13.so
b76d8000-b76da000 r-xp 0015f000 08:08 819213     /lib/libc-2.13.so
b76da000-b76db000 rwxp 00161000 08:08 819213     /lib/libc-2.13.so
b76db000-b76df000 rwxp 00000000 00:00 0 
b76df000-b76e2000 r-xp 00000000 08:08 819202     /lib/libdl-2.13.so
b76e2000-b76e3000 r-xp 00002000 08:08 819202     /lib/libdl-2.13.so
b76e3000-b76e4000 rwxp 00003000 08:08 819202     /lib/libdl-2.13.so
b76e4000-b76eb000 r-xp 00000000 08:08 1376856    /opt/java/jre/lib/i386/jli/libjli.so
b76eb000-b76ed000 rwxp 00006000 08:08 1376856    /opt/java/jre/lib/i386/jli/libjli.so
b76ed000-b7704000 r-xp 00000000 08:08 819211     /lib/libpthread-2.13.so
b7704000-b7705000 r-xp 00016000 08:08 819211     /lib/libpthread-2.13.so
b7705000-b7706000 rwxp 00017000 08:08 819211     /lib/libpthread-2.13.so
b7706000-b7708000 rwxp 00000000 00:00 0 
b7708000-b7709000 r-xs 00170000 08:09 9675134    /home/dunno/.m2/repository/org/lwjgl/lwjgl-native/2.6/lwjgl-native-2.6.jar
b7709000-b770a000 r-xs 00007000 08:09 9684058    /home/dunno/.m2/repository/org/apache/maven/surefire/surefire-booter/2.7.2/surefire-booter-2.7.2.jar
b770a000-b770b000 r-xs 00000000 08:09 9978072    /home/dunno/code/projects/q/target/surefire/surefirebooter7535289294996235951.jar
b770b000-b7716000 r-xp 00000000 08:08 819234     /lib/libnss_files-2.13.so
b7716000-b7717000 r-xp 0000a000 08:08 819234     /lib/libnss_files-2.13.so
b7717000-b7718000 rwxp 0000b000 08:08 819234     /lib/libnss_files-2.13.so
b7718000-b7719000 rwxp 00000000 00:00 0 
b7719000-b771a000 r-xp 00000000 00:00 0 
b771a000-b7725000 r-xp 00000000 08:08 1368246    /opt/java/jre/lib/i386/libverify.so
b7725000-b7726000 rwxp 0000b000 08:08 1368246    /opt/java/jre/lib/i386/libverify.so
b7726000-b7727000 rwxp 00000000 00:00 0 
b7727000-b7728000 r-xp 00000000 00:00 0          [vdso]
b7728000-b7746000 r-xp 00000000 08:08 819228     /lib/ld-2.13.so
b7746000-b7747000 r-xp 0001d000 08:08 819228     /lib/ld-2.13.so
b7747000-b7748000 rwxp 0001e000 08:08 819228     /lib/ld-2.13.so
bff36000-bff57000 rwxp 00000000 00:00 0          [stack]

VM Arguments:
jvm_args: -Djava.library.path=/home/dunno/code/projects/q/target/native/linux -DLWJGL_DISABLE_XRANDR=true 
java_command: /home/dunno/code/projects/q/target/surefire/surefirebooter7535289294996235951.jar /home/dunno/code/projects/q/target/surefire/surefire6010912019492439962tmp /home/dunno/code/projects/q/target/surefire/surefire800298992444638489tmp
Launcher Type: SUN_STANDARD

Environment Variables:
JAVA_HOME=/opt/java
CLASSPATH=../lib/bootstrap.jar:../lib/util.jar:../lib/jdom.jar:../lib/log4j.jar:../lib/extensions.jar:../lib/trove4j.jar:/opt/java/lib/tools.jar:
PATH=/usr/local/bin:/usr/bin:/bin:/usr/local/sbin:/usr/sbin:/sbin:/usr/share/java/apache-ant/bin:/opt/groovy/bin:/opt/java/bin:/opt/java/db/bin:/opt/java/jre/bin:/opt/maven/bin:/usr/bin/vendor_perl:/usr/bin/core_perl
USERNAME=dunno
LD_LIBRARY_PATH=/opt/java/jre/lib/i386/server:/opt/java/jre/lib/i386:/opt/java/jre/../lib/i386:.:
SHELL=/bin/bash
DISPLAY=:0.0

Signal Handlers:
SIGSEGV: [libjvm.so+0x725370], sa_mask[0]=0x7ffbfeff, sa_flags=0x10000004
SIGBUS: [libjvm.so+0x725370], sa_mask[0]=0x7ffbfeff, sa_flags=0x10000004
SIGFPE: [libjvm.so+0x5dfd80], sa_mask[0]=0x7ffbfeff, sa_flags=0x10000004
SIGPIPE: [libjvm.so+0x5dfd80], sa_mask[0]=0x7ffbfeff, sa_flags=0x10000004
SIGXFSZ: [libjvm.so+0x5dfd80], sa_mask[0]=0x7ffbfeff, sa_flags=0x10000004
SIGILL: [libjvm.so+0x5dfd80], sa_mask[0]=0x7ffbfeff, sa_flags=0x10000004
SIGUSR1: SIG_DFL, sa_mask[0]=0x00000000, sa_flags=0x00000000
SIGUSR2: [libjvm.so+0x5e2fc0], sa_mask[0]=0x00000004, sa_flags=0x10000004
SIGHUP: [libjvm.so+0x5e2ba0], sa_mask[0]=0x7ffbfeff, sa_flags=0x10000004
SIGINT: [libjvm.so+0x5e2ba0], sa_mask[0]=0x7ffbfeff, sa_flags=0x10000004
SIGTERM: [libjvm.so+0x5e2ba0], sa_mask[0]=0x7ffbfeff, sa_flags=0x10000004
SIGQUIT: [libjvm.so+0x5e2ba0], sa_mask[0]=0x7ffbfeff, sa_flags=0x10000004


---------------  S Y S T E M  ---------------

OS:Linux
uname:Linux 2.6.38-ARCH #1 SMP PREEMPT Fri Apr 22 17:48:36 UTC 2011 i686
libc:glibc 2.13 NPTL 2.13 
rlimit: STACK 8192k, CORE 0k, NPROC 28234, NOFILE 1024, AS infinity
load average:0.51 0.51 0.48

/proc/meminfo:
MemTotal:        3616048 kB
MemFree:          950104 kB
Buffers:          270156 kB
Cached:           802332 kB
SwapCached:          292 kB
Active:          1456332 kB
Inactive:        1002584 kB
Active(anon):    1032504 kB
Inactive(anon):   367360 kB
Active(file):     423828 kB
Inactive(file):   635224 kB
Unevictable:           0 kB
Mlocked:               0 kB
HighTotal:       2760264 kB
HighFree:         528736 kB
LowTotal:         855784 kB
LowFree:          421368 kB
SwapTotal:       3951952 kB
SwapFree:        3948740 kB
Dirty:                32 kB
Writeback:             4 kB
AnonPages:       1386148 kB
Mapped:           216024 kB
Shmem:             13424 kB
Slab:              45172 kB
SReclaimable:      32636 kB
SUnreclaim:        12536 kB
KernelStack:        3464 kB
PageTables:         5876 kB
NFS_Unstable:          0 kB
Bounce:                0 kB
WritebackTmp:          0 kB
CommitLimit:     5759976 kB
Committed_AS:    2728796 kB
VmallocTotal:     122880 kB
VmallocUsed:       30428 kB
VmallocChunk:      79392 kB
HardwareCorrupted:     0 kB
AnonHugePages:    622592 kB
HugePages_Total:       0
HugePages_Free:        0
HugePages_Rsvd:        0
HugePages_Surp:        0
Hugepagesize:       4096 kB
DirectMap4k:      425976 kB
DirectMap4M:      483328 kB


CPU:total 4 (4 cores per cpu, 1 threads per core) family 6 model 15 stepping 11, cmov, cx8, fxsr, mmx, sse, sse2, sse3, ssse3

/proc/cpuinfo:
processor	: 0
vendor_id	: GenuineIntel
cpu family	: 6
model		: 15
model name	: Intel(R) Core(TM)2 Quad CPU    Q6600  @ 2.40GHz
stepping	: 11
cpu MHz		: 2399.927
cache size	: 4096 KB
physical id	: 0
siblings	: 4
core id		: 0
cpu cores	: 4
apicid		: 0
initial apicid	: 0
fdiv_bug	: no
hlt_bug		: no
f00f_bug	: no
coma_bug	: no
fpu		: yes
fpu_exception	: yes
cpuid level	: 10
wp		: yes
flags		: fpu vme de pse tsc msr pae mce cx8 apic sep mtrr pge mca cmov pat pse36 clflush dts acpi mmx fxsr sse sse2 ss ht tm pbe nx lm constant_tsc arch_perfmon pebs bts aperfmperf pni dtes64 monitor ds_cpl vmx est tm2 ssse3 cx16 xtpr pdcm lahf_lm dts tpr_shadow vnmi flexpriority
bogomips	: 4801.84
clflush size	: 64
cache_alignment	: 64
address sizes	: 36 bits physical, 48 bits virtual
power management:

processor	: 1
vendor_id	: GenuineIntel
cpu family	: 6
model		: 15
model name	: Intel(R) Core(TM)2 Quad CPU    Q6600  @ 2.40GHz
stepping	: 11
cpu MHz		: 2399.927
cache size	: 4096 KB
physical id	: 0
siblings	: 4
core id		: 1
cpu cores	: 4
apicid		: 1
initial apicid	: 1
fdiv_bug	: no
hlt_bug		: no
f00f_bug	: no
coma_bug	: no
fpu		: yes
fpu_exception	: yes
cpuid level	: 10
wp		: yes
flags		: fpu vme de pse tsc msr pae mce cx8 apic sep mtrr pge mca cmov pat pse36 clflush dts acpi mmx fxsr sse sse2 ss ht tm pbe nx lm constant_tsc arch_perfmon pebs bts aperfmperf pni dtes64 monitor ds_cpl vmx est tm2 ssse3 cx16 xtpr pdcm lahf_lm dts tpr_shadow vnmi flexpriority
bogomips	: 8323.62
clflush size	: 64
cache_alignment	: 64
address sizes	: 36 bits physical, 48 bits virtual
power management:

processor	: 2
vendor_id	: GenuineIntel
cpu family	: 6
model		: 15
model name	: Intel(R) Core(TM)2 Quad CPU    Q6600  @ 2.40GHz
stepping	: 11
cpu MHz		: 2399.927
cache size	: 4096 KB
physical id	: 0
siblings	: 4
core id		: 2
cpu cores	: 4
apicid		: 2
initial apicid	: 2
fdiv_bug	: no
hlt_bug		: no
f00f_bug	: no
coma_bug	: no
fpu		: yes
fpu_exception	: yes
cpuid level	: 10
wp		: yes
flags		: fpu vme de pse tsc msr pae mce cx8 apic sep mtrr pge mca cmov pat pse36 clflush dts acpi mmx fxsr sse sse2 ss ht tm pbe nx lm constant_tsc arch_perfmon pebs bts aperfmperf pni dtes64 monitor ds_cpl vmx est tm2 ssse3 cx16 xtpr pdcm lahf_lm dts tpr_shadow vnmi flexpriority
bogomips	: 4801.01
clflush size	: 64
cache_alignment	: 64
address sizes	: 36 bits physical, 48 bits virtual
power management:

processor	: 3
vendor_id	: GenuineIntel
cpu family	: 6
model		: 15
model name	: Intel(R) Core(TM)2 Quad CPU    Q6600  @ 2.40GHz
stepping	: 11
cpu MHz		: 2399.927
cache size	: 4096 KB
physical id	: 0
siblings	: 4
core id		: 3
cpu cores	: 4
apicid		: 3
initial apicid	: 3
fdiv_bug	: no
hlt_bug		: no
f00f_bug	: no
coma_bug	: no
fpu		: yes
fpu_exception	: yes
cpuid level	: 10
wp		: yes
flags		: fpu vme de pse tsc msr pae mce cx8 apic sep mtrr pge mca cmov pat pse36 clflush dts acpi mmx fxsr sse sse2 ss ht tm pbe nx lm constant_tsc arch_perfmon pebs bts aperfmperf pni dtes64 monitor ds_cpl vmx est tm2 ssse3 cx16 xtpr pdcm lahf_lm dts tpr_shadow vnmi flexpriority
bogomips	: 4801.02
clflush size	: 64
cache_alignment	: 64
address sizes	: 36 bits physical, 48 bits virtual
power management:



Memory: 4k page, physical 3616048k(950104k free), swap 3951952k(3948740k free)

vm_info: Java HotSpot(TM) Server VM (20.0-b11) for linux-x86 JRE (1.6.0_25-b06), built on Apr 14 2011 01:12:39 by "java_re" with gcc 3.2.1-7a (J2SE release)

time: Thu May  5 00:53:32 2011
elapsed time: 74 seconds

