#
# A fatal error has been detected by the Java Runtime Environment:
#
#  SIGSEGV (0xb) at pc=0xb77de424, pid=2728, tid=1924135792
#
# JRE version: 6.0_25-b06
# Java VM: Java HotSpot(TM) Server VM (20.0-b11 mixed mode linux-x86 )
# Problematic frame:
# C  [+0x424]  __kernel_vsyscall+0x10
#
# If you would like to submit a bug report, please visit:
#   http://java.sun.com/webapps/bugreport/crash.jsp
#

---------------  T H R E A D  ---------------

Current thread is native thread

siginfo:si_signo=SIGSEGV: si_errno=0, si_code=-6 (FPE_FLTOVF), si_addr=0x00000aa8

Registers:
EAX=0x00000000, EBX=0x00000aa8, ECX=0x00000abc, EDX=0x0000000b
ESP=0x72aff280, EBP=0x72aff398, ESI=0x00000020, EDI=0xb77bbff4
EIP=0xb77de424, EFLAGS=0x00200202, CR2=0x00000004

Top of Stack: (sp=0x72aff280)
0x72aff280:   72aff398 0000000b 00000abc b77b2bfe
0x72aff290:   b77bbff4 76e54680 768d8b23 0000000b
0x72aff2a0:   00000000 00000000 00000000 00001000
0x72aff2b0:   00000000 00000000 00000000 00000000
0x72aff2c0:   00000000 7fffffff fffffffe ffffffff
0x72aff2d0:   ffffffff ffffffff ffffffff ffffffff
0x72aff2e0:   ffffffff ffffffff ffffffff ffffffff
0x72aff2f0:   ffffffff ffffffff ffffffff ffffffff 

Instructions: (pc=0xb77de424)
0xb77de404:   00 00 cd 80 90 8d 76 00 b8 ad 00 00 00 cd 80 90
0xb77de414:   51 52 55 89 e5 0f 34 90 90 90 90 90 90 90 eb f3
0xb77de424:   5d 5a 59 c3 00 2e 73 68 73 74 72 74 61 62 00 2e
0xb77de434:   68 61 73 68 00 2e 64 79 6e 73 79 6d 00 2e 64 79 

Register to memory mapping:

EAX=0x00000000 is an unknown value
EBX=0x00000aa8 is an unknown value
ECX=0x00000abc is an unknown value
EDX=0x0000000b is an unknown value
ESP=0x72aff280 is an unknown value
EBP=0x72aff398 is an unknown value
ESI=0x00000020 is an unknown value
EDI=0xb77bbff4: <offset 0x17ff4> in /lib/libpthread.so.0 at 0xb77a4000


Stack: [0x72aef000,0x72b00000],  sp=0x72aff280,  free space=64k
Native frames: (J=compiled Java code, j=interpreted, Vv=VM code, C=native code)
C  [+0x424]  __kernel_vsyscall+0x10
C  [libpthread.so.0+0x6c77]
[error occurred during error reporting (printing native stack), id 0xb]


---------------  P R O C E S S  ---------------

VM state:not at safepoint (normal execution)

VM Mutex/Monitor currently owned by a thread: None

Heap
 PSYoungGen      total 16512K, used 14038K [0xa11c0000, 0xa2420000, 0xb3860000)
  eden space 14208K, 90% used [0xa11c0000,0xa1e49f20,0xa1fa0000)
  from space 2304K, 52% used [0xa21e0000,0xa230bb98,0xa2420000)
  to   space 2304K, 0% used [0xa1fa0000,0xa1fa0000,0xa21e0000)
 PSOldGen        total 37696K, used 0K [0x7c460000, 0x7e930000, 0xa11c0000)
  object space 37696K, 0% used [0x7c460000,0x7c460000,0x7e930000)
 PSPermGen       total 16384K, used 11185K [0x78460000, 0x79460000, 0x7c460000)
  object space 16384K, 68% used [0x78460000,0x78f4c790,0x79460000)

Code Cache  [0xb392a000, 0xb3b6a000, 0xb692a000)
 total_blobs=511 nmethods=231 adapters=234 free_code_cache=49493824 largest_free_block=6656

Dynamic libraries:
08048000-08052000 r-xp 00000000 08:08 1368290    /opt/java/jre/bin/java
08052000-08053000 rwxp 00009000 08:08 1368290    /opt/java/jre/bin/java
09539000-0a412000 rwxp 00000000 00:00 0          [heap]
724ec000-724ed000 ---p 00000000 00:00 0 
724ed000-726ed000 rwxp 00000000 00:00 0 
726ed000-726ee000 ---p 00000000 00:00 0 
726ee000-728ee000 rwxp 00000000 00:00 0 
728ee000-728ef000 ---p 00000000 00:00 0 
728ef000-72aef000 rwxp 00000000 00:00 0 
72aef000-72af0000 ---p 00000000 00:00 0 
72af0000-72b00000 rwxp 00000000 00:00 0 
72b00000-72bff000 rwxp 00000000 00:00 0 
72bff000-72c00000 ---p 00000000 00:00 0 
72d00000-72dfd000 rwxp 00000000 00:00 0 
72dfd000-72e00000 ---p 00000000 00:00 0 
72e00000-72ef9000 rwxp 00000000 00:00 0 
72ef9000-72f00000 ---p 00000000 00:00 0 
72f00000-72fff000 rwxp 00000000 00:00 0 
72fff000-73000000 ---p 00000000 00:00 0 
73100000-732fc000 rwxp 00000000 00:00 0 
732fc000-73300000 ---p 00000000 00:00 0 
73300000-733f3000 rwxp 00000000 00:00 0 
733f3000-73400000 ---p 00000000 00:00 0 
73400000-734fb000 rwxp 00000000 00:00 0 
734fb000-73500000 ---p 00000000 00:00 0 
73500000-735fc000 rwxp 00000000 00:00 0 
735fc000-73600000 ---p 00000000 00:00 0 
73dd5000-73dea000 r-xp 00000000 08:08 1368261    /opt/java/jre/lib/i386/libdcpr.so
73dea000-73dfd000 rwxp 00014000 08:08 1368261    /opt/java/jre/lib/i386/libdcpr.so
74000000-740fb000 rwxp 00000000 00:00 0 
740fb000-74100000 ---p 00000000 00:00 0 
74100000-741fc000 rwxp 00000000 00:00 0 
741fc000-74200000 ---p 00000000 00:00 0 
74200000-742fe000 rwxp 00000000 00:00 0 
742fe000-74300000 ---p 00000000 00:00 0 
743af000-743b2000 ---p 00000000 00:00 0 
743b2000-74400000 rwxp 00000000 00:00 0 
74400000-744fe000 rwxp 00000000 00:00 0 
744fe000-74500000 ---p 00000000 00:00 0 
74500000-745ff000 rwxp 00000000 00:00 0 
745ff000-74600000 ---p 00000000 00:00 0 
74600000-74700000 rwxp 00000000 00:00 0 
7472f000-74732000 ---p 00000000 00:00 0 
74732000-74780000 rwxp 00000000 00:00 0 
74780000-74e80000 rwxs 00006000 00:05 1786       /dev/ati/card0
74e80000-74f00000 rwxp 00000000 00:00 0 
74f00000-74ffe000 rwxp 00000000 00:00 0 
74ffe000-75000000 ---p 00000000 00:00 0 
75027000-7505a000 r-xp 00000000 08:08 1394722    /usr/lib/libatiadlxx.so
7505a000-7505b000 rwxp 00033000 08:08 1394722    /usr/lib/libatiadlxx.so
75079000-75099000 rwxs feac0000 00:05 1786       /dev/ati/card0
75099000-750a0000 r-xp 00000000 08:08 1394716    /usr/lib/libatiuki.so.1.0
750a0000-750a1000 rwxp 00006000 08:08 1394716    /usr/lib/libatiuki.so.1.0
750a1000-76cc4000 r-xp 00000000 08:08 550254     /usr/lib/xorg/modules/dri/fglrx_dri.so
76cc4000-76d9f000 rwxp 01c23000 08:08 550254     /usr/lib/xorg/modules/dri/fglrx_dri.so
76d9f000-76e56000 rwxp 00000000 00:00 0 
76e56000-76e72000 r-xp 00000000 08:08 468157     /usr/lib/libgcc_s.so.1
76e72000-76e73000 rwxp 0001b000 08:08 468157     /usr/lib/libgcc_s.so.1
76e73000-76f3c000 r-xp 00000000 08:08 550261     /usr/lib/fglrx/fglrx-libGL.so.1.2
76f3c000-76f47000 rwxp 000c8000 08:08 550261     /usr/lib/fglrx/fglrx-libGL.so.1.2
76f47000-76f5d000 rwxp 00000000 00:00 0 
76f5d000-76f60000 ---p 00000000 00:00 0 
76f60000-76fae000 rwxp 00000000 00:00 0 
76fae000-77008000 r-xp 00000000 08:09 9977940    /home/dunno/code/projects/q/target/native/linux/liblwjgl.so
77008000-77009000 ---p 0005a000 08:09 9977940    /home/dunno/code/projects/q/target/native/linux/liblwjgl.so
77009000-7700a000 r-xp 0005a000 08:09 9977940    /home/dunno/code/projects/q/target/native/linux/liblwjgl.so
7700a000-7700b000 rwxp 0005b000 08:09 9977940    /home/dunno/code/projects/q/target/native/linux/liblwjgl.so
7700b000-7700e000 ---p 00000000 00:00 0 
7700e000-7705c000 rwxp 00000000 00:00 0 
7705c000-7705f000 ---p 00000000 00:00 0 
7705f000-770ad000 rwxp 00000000 00:00 0 
770ad000-77126000 r-xp 00000000 08:08 1368265    /opt/java/jre/lib/i386/libfontmanager.so
77126000-77130000 rwxp 00078000 08:08 1368265    /opt/java/jre/lib/i386/libfontmanager.so
77130000-77135000 rwxp 00000000 00:00 0 
77135000-7724d000 r-xp 00000000 08:08 1392647    /usr/lib/libX11.so.6.3.0
7724d000-77251000 rwxp 00117000 08:08 1392647    /usr/lib/libX11.so.6.3.0
77251000-772d5000 r-xp 00000000 08:08 1368263    /opt/java/jre/lib/i386/libawt.so
772d5000-772dc000 rwxp 00084000 08:08 1368263    /opt/java/jre/lib/i386/libawt.so
772dc000-77300000 rwxp 00000000 00:00 0 
77300000-773e8000 rwxp 00000000 00:00 0 
773e8000-77400000 ---p 00000000 00:00 0 
77407000-7740d000 r-xp 00000000 08:08 1392743    /usr/lib/libXrandr.so.2.2.0
7740d000-7740e000 rwxp 00005000 08:08 1392743    /usr/lib/libXrandr.so.2.2.0
7740e000-77412000 r-xp 00000000 08:08 1392693    /usr/lib/libXfixes.so.3.1.0
77412000-77413000 rwxp 00003000 08:08 1392693    /usr/lib/libXfixes.so.3.1.0
77413000-7741a000 r-xp 00000000 08:08 1392690    /usr/lib/libXrender.so.1.3.0
7741a000-7741b000 rwxp 00007000 08:08 1392690    /usr/lib/libXrender.so.1.3.0
7741b000-77423000 r-xp 00000000 08:08 1392747    /usr/lib/libXcursor.so.1.0.2
77423000-77424000 rwxp 00007000 08:08 1392747    /usr/lib/libXcursor.so.1.0.2
77424000-77428000 r-xp 00000000 08:08 474194     /usr/lib/libXdmcp.so.6.0.0
77428000-77429000 rwxp 00003000 08:08 474194     /usr/lib/libXdmcp.so.6.0.0
77429000-7742b000 r-xp 00000000 08:08 474244     /usr/lib/libXau.so.6.0.0
7742b000-7742c000 rwxp 00001000 08:08 474244     /usr/lib/libXau.so.6.0.0
7742c000-77443000 r-xp 00000000 08:08 474257     /usr/lib/libxcb.so.1.1.0
77443000-77444000 rwxp 00016000 08:08 474257     /usr/lib/libxcb.so.1.1.0
77444000-77450000 r-xp 00000000 08:08 1392676    /usr/lib/libXi.so.6.1.0
77450000-77451000 rwxp 0000b000 08:08 1392676    /usr/lib/libXi.so.6.1.0
77451000-7745e000 r-xp 00000000 08:08 1392657    /usr/lib/libXext.so.6.4.0
7745e000-7745f000 rwxp 0000d000 08:08 1392657    /usr/lib/libXext.so.6.4.0
7746f000-77470000 rwxp 00000000 00:00 0 
77470000-77477000 r-xp 00000000 08:08 1368253    /opt/java/jre/lib/i386/libnio.so
77477000-77478000 rwxp 00006000 08:08 1368253    /opt/java/jre/lib/i386/libnio.so
77478000-7747a000 r-xp 00000000 08:08 1392698    /usr/lib/libXinerama.so.1.0.0
7747a000-7747b000 rwxp 00001000 08:08 1392698    /usr/lib/libXinerama.so.1.0.0
7747b000-7747d000 rwxs 00002000 00:05 1786       /dev/ati/card0
7747d000-774c0000 r-xp 00000000 08:08 1376855    /opt/java/jre/lib/i386/xawt/libmawt.so
774c0000-774c2000 rwxp 00043000 08:08 1376855    /opt/java/jre/lib/i386/xawt/libmawt.so
774c2000-774c3000 rwxp 00000000 00:00 0 
774c3000-774d7000 r-xp 00000000 08:08 1368252    /opt/java/jre/lib/i386/libnet.so
774d7000-774d8000 rwxp 00013000 08:08 1368252    /opt/java/jre/lib/i386/libnet.so
774d8000-774db000 ---p 00000000 00:00 0 
774db000-77529000 rwxp 00000000 00:00 0 
77529000-7752a000 r-xp 00000000 08:09 9674761    /home/dunno/code/idea-IC-103.255/bin/libbreakgen.so
7752a000-7752b000 rwxp 00000000 08:09 9674761    /home/dunno/code/idea-IC-103.255/bin/libbreakgen.so
7752b000-7752d000 r-xs 00011000 08:09 9658509    /home/dunno/code/idea-IC-103.255/lib/idea_rt.jar
7752d000-7752f000 r-xs 0000a000 08:09 9675066    /home/dunno/.m2/repository/org/json/json/20090211/json-20090211.jar
7752f000-77531000 r-xs 0000d000 08:09 9675094    /home/dunno/.m2/repository/jcraft/jorbis/0.0.15/jorbis-0.0.15.jar
77531000-77532000 r-xs 00001000 08:09 9675053    /home/dunno/.m2/repository/jcraft/jogg/0.0.7/jogg-0.0.7.jar
77532000-77534000 r-xs 00008000 08:09 9675044    /home/dunno/.m2/repository/ibxm/ibxm/unknown/ibxm-unknown.jar
77534000-77535000 r-xs 00001000 08:09 9675077    /home/dunno/.m2/repository/javax/jnlp/jnlp/1.2/jnlp-1.2.jar
77535000-77536000 r-xs 00038000 08:09 9675196    /home/dunno/.m2/repository/org/lwjgl/lwjgl-native/2.1.0/lwjgl-native-2.1.0-win32.jar
77536000-77538000 r-xs 00019000 08:09 9675045    /home/dunno/.m2/repository/phys2d/phys2d/060408/phys2d-060408.jar
77538000-77543000 r-xs 00093000 08:09 9675007    /home/dunno/.m2/repository/slick/slick/274/slick-274.jar
77543000-77546000 r-xs 0001d000 08:09 9675182    /home/dunno/.m2/repository/org/lwjgl/lwjgl-util/2.6/lwjgl-util-2.6.jar
77546000-77547000 r-xs 00170000 08:09 9675134    /home/dunno/.m2/repository/org/lwjgl/lwjgl-native/2.6/lwjgl-native-2.6.jar
77547000-7754c000 r-xs 00030000 08:09 9675113    /home/dunno/.m2/repository/org/lwjgl/lwjgl-jinput/2.6/lwjgl-jinput-2.6.jar
7754c000-77558000 r-xs 000c8000 08:09 9675071    /home/dunno/.m2/repository/org/lwjgl/lwjgl/2.6/lwjgl-2.6.jar
77558000-7755f000 r-xs 00053000 08:09 9675084    /home/dunno/.m2/repository/log4j/log4j/1.2.14/log4j-1.2.14.jar
7755f000-775be000 r-xs 005d3000 08:09 9675060    /home/dunno/.m2/repository/org/scala-lang/scala-library/2.8.1/scala-library-2.8.1.jar
775be000-775cf000 r-xs 0034a000 08:08 1368175    /opt/java/jre/lib/deploy.jar
775cf000-775e0000 r-xs 001ad000 08:08 1368173    /opt/java/jre/lib/plugin.jar
775e0000-775e8000 r-xs 00115000 08:08 1368136    /opt/java/jre/lib/resources.jar
775e8000-775f1000 r-xs 000d7000 08:08 1368174    /opt/java/jre/lib/javaws.jar
775f1000-77600000 r-xs 00667000 08:08 1368172    /opt/java/jre/lib/charsets.jar
77600000-77601000 ---p 00000000 00:00 0 
77601000-77681000 rwxp 00000000 00:00 0 
77681000-77684000 ---p 00000000 00:00 0 
77684000-776d2000 rwxp 00000000 00:00 0 
776d2000-776d5000 ---p 00000000 00:00 0 
776d5000-77753000 rwxp 00000000 00:00 0 
77753000-77756000 ---p 00000000 00:00 0 
77756000-777d4000 rwxp 00000000 00:00 0 
777d4000-777d7000 ---p 00000000 00:00 0 
777d7000-77825000 rwxp 00000000 00:00 0 
77825000-77945000 r-xp 001b2000 08:08 475277     /usr/lib/locale/locale-archive
77945000-77b45000 r-xp 00000000 08:08 475277     /usr/lib/locale/locale-archive
77b45000-77b48000 ---p 00000000 00:00 0 
77b48000-77b96000 rwxp 00000000 00:00 0 
77b96000-77b99000 ---p 00000000 00:00 0 
77b99000-77be7000 rwxp 00000000 00:00 0 
77be7000-77be8000 ---p 00000000 00:00 0 
77be8000-77c68000 rwxp 00000000 00:00 0 
77c68000-77e00000 r-xs 0302a000 08:08 1368170    /opt/java/jre/lib/rt.jar
77e00000-77efd000 rwxp 00000000 00:00 0 
77efd000-77f00000 ---p 00000000 00:00 0 
77f00000-77f01000 rwxs 00005000 00:05 1786       /dev/ati/card0
77f01000-77f05000 r-xp 00000000 08:08 1392679    /usr/lib/libXtst.so.6.1.0
77f05000-77f06000 rwxp 00003000 08:08 1392679    /usr/lib/libXtst.so.6.1.0
77f06000-77f3a000 rwxp 00000000 00:00 0 
77f3a000-77f3b000 ---p 00000000 00:00 0 
77f3b000-77fbb000 rwxp 00000000 00:00 0 
77fbb000-77fbc000 ---p 00000000 00:00 0 
77fbc000-7803c000 rwxp 00000000 00:00 0 
7803c000-7803d000 ---p 00000000 00:00 0 
7803d000-780bd000 rwxp 00000000 00:00 0 
780bd000-780be000 ---p 00000000 00:00 0 
780be000-78146000 rwxp 00000000 00:00 0 
78146000-7815e000 rwxp 00000000 00:00 0 
7815e000-78171000 rwxp 00000000 00:00 0 
78171000-78285000 rwxp 00000000 00:00 0 
78285000-7828d000 rwxp 00000000 00:00 0 
7828d000-782a5000 rwxp 00000000 00:00 0 
782a5000-782b8000 rwxp 00000000 00:00 0 
782b8000-783cb000 rwxp 00000000 00:00 0 
783cb000-783d5000 rwxp 00000000 00:00 0 
783d5000-7845f000 rwxp 00000000 00:00 0 
7845f000-79460000 rwxp 00000000 00:00 0 
79460000-7c460000 rwxp 00000000 00:00 0 
7c460000-7e930000 rwxp 00000000 00:00 0 
7e930000-a11c0000 rwxp 00000000 00:00 0 
a11c0000-a2420000 rwxp 00000000 00:00 0 
a2420000-b3860000 rwxp 00000000 00:00 0 
b3860000-b3863000 r-xs 0001c000 08:08 1368165    /opt/java/jre/lib/alt-rt.jar
b3863000-b386a000 r-xs 00094000 08:08 1368171    /opt/java/jre/lib/jsse.jar
b386a000-b3873000 rwxp 00000000 00:00 0 
b3873000-b392a000 rwxp 00000000 00:00 0 
b392a000-b3b6a000 rwxp 00000000 00:00 0 
b3b6a000-b692a000 rwxp 00000000 00:00 0 
b692a000-b693f000 r-xp 00000000 08:08 819223     /lib/libnsl-2.13.so
b693f000-b6940000 r-xp 00015000 08:08 819223     /lib/libnsl-2.13.so
b6940000-b6941000 rwxp 00016000 08:08 819223     /lib/libnsl-2.13.so
b6941000-b6943000 rwxp 00000000 00:00 0 
b6943000-b6944000 r-xp 00000000 08:08 1368271    /opt/java/jre/lib/i386/libjawt.so
b6944000-b6945000 rwxp 00000000 08:08 1368271    /opt/java/jre/lib/i386/libjawt.so
b6945000-b6948000 r-xs 00013000 08:08 1368120    /opt/java/jre/lib/jce.jar
b6948000-b6957000 r-xp 00000000 08:08 1368248    /opt/java/jre/lib/i386/libzip.so
b6957000-b6959000 rwxp 0000e000 08:08 1368248    /opt/java/jre/lib/i386/libzip.so
b6959000-b6961000 rwxs 00000000 08:08 1974302    /tmp/hsperfdata_dunno/2728
b6961000-b6984000 r-xp 00000000 08:08 1368247    /opt/java/jre/lib/i386/libjava.so
b6984000-b6986000 rwxp 00023000 08:08 1368247    /opt/java/jre/lib/i386/libjava.so
b6986000-b698d000 r-xp 00000000 08:08 819500     /lib/librt-2.13.so
b698d000-b698e000 r-xp 00006000 08:08 819500     /lib/librt-2.13.so
b698e000-b698f000 rwxp 00007000 08:08 819500     /lib/librt-2.13.so
b698f000-b6992000 ---p 00000000 00:00 0 
b6992000-b69e0000 rwxp 00000000 00:00 0 
b69e0000-b6a08000 r-xp 00000000 08:08 819212     /lib/libm-2.13.so
b6a08000-b6a09000 r-xp 00027000 08:08 819212     /lib/libm-2.13.so
b6a09000-b6a0a000 rwxp 00028000 08:08 819212     /lib/libm-2.13.so
b6a0a000-b71bc000 r-xp 00000000 08:08 1376863    /opt/java/jre/lib/i386/server/libjvm.so
b71bc000-b7210000 rwxp 007b1000 08:08 1376863    /opt/java/jre/lib/i386/server/libjvm.so
b7210000-b762f000 rwxp 00000000 00:00 0 
b762f000-b778e000 r-xp 00000000 08:08 819213     /lib/libc-2.13.so
b778e000-b778f000 ---p 0015f000 08:08 819213     /lib/libc-2.13.so
b778f000-b7791000 r-xp 0015f000 08:08 819213     /lib/libc-2.13.so
b7791000-b7792000 rwxp 00161000 08:08 819213     /lib/libc-2.13.so
b7792000-b7796000 rwxp 00000000 00:00 0 
b7796000-b7799000 r-xp 00000000 08:08 819202     /lib/libdl-2.13.so
b7799000-b779a000 r-xp 00002000 08:08 819202     /lib/libdl-2.13.so
b779a000-b779b000 rwxp 00003000 08:08 819202     /lib/libdl-2.13.so
b779b000-b77a2000 r-xp 00000000 08:08 1376856    /opt/java/jre/lib/i386/jli/libjli.so
b77a2000-b77a4000 rwxp 00006000 08:08 1376856    /opt/java/jre/lib/i386/jli/libjli.so
b77a4000-b77bb000 r-xp 00000000 08:08 819211     /lib/libpthread-2.13.so
b77bb000-b77bc000 r-xp 00016000 08:08 819211     /lib/libpthread-2.13.so
b77bc000-b77bd000 rwxp 00017000 08:08 819211     /lib/libpthread-2.13.so
b77bd000-b77bf000 rwxp 00000000 00:00 0 
b77bf000-b77c0000 r-xs 00000000 08:08 1368131    /opt/java/jre/lib/management-agent.jar
b77c0000-b77c2000 r-xs 00009000 08:08 1368166    /opt/java/jre/lib/alt-string.jar
b77c2000-b77cd000 r-xp 00000000 08:08 819234     /lib/libnss_files-2.13.so
b77cd000-b77ce000 r-xp 0000a000 08:08 819234     /lib/libnss_files-2.13.so
b77ce000-b77cf000 rwxp 0000b000 08:08 819234     /lib/libnss_files-2.13.so
b77cf000-b77d0000 rwxp 00000000 00:00 0 
b77d0000-b77d1000 r-xp 00000000 00:00 0 
b77d1000-b77dc000 r-xp 00000000 08:08 1368246    /opt/java/jre/lib/i386/libverify.so
b77dc000-b77dd000 rwxp 0000b000 08:08 1368246    /opt/java/jre/lib/i386/libverify.so
b77dd000-b77de000 rwxp 00000000 00:00 0 
b77de000-b77df000 r-xp 00000000 00:00 0          [vdso]
b77df000-b77fd000 r-xp 00000000 08:08 819228     /lib/ld-2.13.so
b77fd000-b77fe000 r-xp 0001d000 08:08 819228     /lib/ld-2.13.so
b77fe000-b77ff000 rwxp 0001e000 08:08 819228     /lib/ld-2.13.so
bfbd1000-bfbf2000 rwxp 00000000 00:00 0          [stack]

VM Arguments:
jvm_args: -Djava.library.path=target/native/linux -DLWJGL_DISABLE_XRANDR=true -Didea.launcher.port=7532 -Didea.launcher.bin.path=/home/dunno/code/idea-IC-103.255/bin -Dfile.encoding=UTF-8 
java_command: com.intellij.rt.execution.application.AppMain su.msk.dunno.q.QueersIsland
Launcher Type: SUN_STANDARD

Environment Variables:
JAVA_HOME=/opt/java
CLASSPATH=../lib/bootstrap.jar:../lib/util.jar:../lib/jdom.jar:../lib/log4j.jar:../lib/extensions.jar:../lib/trove4j.jar:/opt/java/lib/tools.jar:
PATH=/usr/local/bin:/usr/bin:/bin:/usr/local/sbin:/usr/sbin:/sbin:/usr/share/java/apache-ant/bin:/opt/groovy/bin:/opt/java/bin:/opt/java/db/bin:/opt/java/jre/bin:/opt/maven/bin:/usr/bin/vendor_perl:/usr/bin/core_perl
USERNAME=dunno
LD_LIBRARY_PATH=/opt/java/jre/lib/i386/server:/opt/java/jre/lib/i386:/opt/java/jre/../lib/i386:.:
SHELL=/bin/bash
DISPLAY=:0.0

Signal Handlers:
SIGSEGV: [libjvm.so+0x725370], sa_mask[0]=0x7ffbfeff, sa_flags=0x10000004
SIGBUS: [libjvm.so+0x725370], sa_mask[0]=0x7ffbfeff, sa_flags=0x10000004
SIGFPE: [libjvm.so+0x5dfd80], sa_mask[0]=0x7ffbfeff, sa_flags=0x10000004
SIGPIPE: [libjvm.so+0x5dfd80], sa_mask[0]=0x7ffbfeff, sa_flags=0x10000004
SIGXFSZ: [libjvm.so+0x5dfd80], sa_mask[0]=0x7ffbfeff, sa_flags=0x10000004
SIGILL: [libjvm.so+0x5dfd80], sa_mask[0]=0x7ffbfeff, sa_flags=0x10000004
SIGUSR1: SIG_DFL, sa_mask[0]=0x00000000, sa_flags=0x00000000
SIGUSR2: [libjvm.so+0x5e2fc0], sa_mask[0]=0x00000004, sa_flags=0x10000004
SIGHUP: [libjvm.so+0x5e2ba0], sa_mask[0]=0x7ffbfeff, sa_flags=0x10000004
SIGINT: [libjvm.so+0x5e2ba0], sa_mask[0]=0x7ffbfeff, sa_flags=0x10000004
SIGTERM: [libjvm.so+0x5e2ba0], sa_mask[0]=0x7ffbfeff, sa_flags=0x10000004
SIGQUIT: [libjvm.so+0x5e2ba0], sa_mask[0]=0x7ffbfeff, sa_flags=0x10000004


---------------  S Y S T E M  ---------------

OS:Linux
uname:Linux 2.6.38-ARCH #1 SMP PREEMPT Fri Apr 22 17:48:36 UTC 2011 i686
libc:glibc 2.13 NPTL 2.13 
rlimit: STACK 8192k, CORE 0k, NPROC 28234, NOFILE 1024, AS infinity
load average:1.13 1.34 1.25

/proc/meminfo:
MemTotal:        3616048 kB
MemFree:          979176 kB
Buffers:          427264 kB
Cached:          1083384 kB
SwapCached:            0 kB
Active:          1250800 kB
Inactive:        1221428 kB
Active(anon):     961988 kB
Inactive(anon):    14404 kB
Active(file):     288812 kB
Inactive(file):  1207024 kB
Unevictable:           0 kB
Mlocked:               0 kB
HighTotal:       2760264 kB
HighFree:         792652 kB
LowTotal:         855784 kB
LowFree:          186524 kB
SwapTotal:       3951952 kB
SwapFree:        3951952 kB
Dirty:                52 kB
Writeback:             0 kB
AnonPages:        961560 kB
Mapped:           182408 kB
Shmem:             14844 kB
Slab:              39108 kB
SReclaimable:      27528 kB
SUnreclaim:        11580 kB
KernelStack:        3144 kB
PageTables:         4192 kB
NFS_Unstable:          0 kB
Bounce:                0 kB
WritebackTmp:          0 kB
CommitLimit:     5759976 kB
Committed_AS:    2036524 kB
VmallocTotal:     122880 kB
VmallocUsed:       30428 kB
VmallocChunk:      79904 kB
HardwareCorrupted:     0 kB
AnonHugePages:    528384 kB
HugePages_Total:       0
HugePages_Free:        0
HugePages_Rsvd:        0
HugePages_Surp:        0
Hugepagesize:       4096 kB
DirectMap4k:       12280 kB
DirectMap4M:      897024 kB


CPU:total 4 (4 cores per cpu, 1 threads per core) family 6 model 15 stepping 11, cmov, cx8, fxsr, mmx, sse, sse2, sse3, ssse3

/proc/cpuinfo:
processor	: 0
vendor_id	: GenuineIntel
cpu family	: 6
model		: 15
model name	: Intel(R) Core(TM)2 Quad CPU    Q6600  @ 2.40GHz
stepping	: 11
cpu MHz		: 2399.972
cache size	: 4096 KB
physical id	: 0
siblings	: 4
core id		: 0
cpu cores	: 4
apicid		: 0
initial apicid	: 0
fdiv_bug	: no
hlt_bug		: no
f00f_bug	: no
coma_bug	: no
fpu		: yes
fpu_exception	: yes
cpuid level	: 10
wp		: yes
flags		: fpu vme de pse tsc msr pae mce cx8 apic sep mtrr pge mca cmov pat pse36 clflush dts acpi mmx fxsr sse sse2 ss ht tm pbe nx lm constant_tsc arch_perfmon pebs bts aperfmperf pni dtes64 monitor ds_cpl vmx est tm2 ssse3 cx16 xtpr pdcm lahf_lm dts tpr_shadow vnmi flexpriority
bogomips	: 4801.94
clflush size	: 64
cache_alignment	: 64
address sizes	: 36 bits physical, 48 bits virtual
power management:

processor	: 1
vendor_id	: GenuineIntel
cpu family	: 6
model		: 15
model name	: Intel(R) Core(TM)2 Quad CPU    Q6600  @ 2.40GHz
stepping	: 11
cpu MHz		: 2399.972
cache size	: 4096 KB
physical id	: 0
siblings	: 4
core id		: 1
cpu cores	: 4
apicid		: 1
initial apicid	: 1
fdiv_bug	: no
hlt_bug		: no
f00f_bug	: no
coma_bug	: no
fpu		: yes
fpu_exception	: yes
cpuid level	: 10
wp		: yes
flags		: fpu vme de pse tsc msr pae mce cx8 apic sep mtrr pge mca cmov pat pse36 clflush dts acpi mmx fxsr sse sse2 ss ht tm pbe nx lm constant_tsc arch_perfmon pebs bts aperfmperf pni dtes64 monitor ds_cpl vmx est tm2 ssse3 cx16 xtpr pdcm lahf_lm dts tpr_shadow vnmi flexpriority
bogomips	: 8323.62
clflush size	: 64
cache_alignment	: 64
address sizes	: 36 bits physical, 48 bits virtual
power management:

processor	: 2
vendor_id	: GenuineIntel
cpu family	: 6
model		: 15
model name	: Intel(R) Core(TM)2 Quad CPU    Q6600  @ 2.40GHz
stepping	: 11
cpu MHz		: 2399.972
cache size	: 4096 KB
physical id	: 0
siblings	: 4
core id		: 2
cpu cores	: 4
apicid		: 2
initial apicid	: 2
fdiv_bug	: no
hlt_bug		: no
f00f_bug	: no
coma_bug	: no
fpu		: yes
fpu_exception	: yes
cpuid level	: 10
wp		: yes
flags		: fpu vme de pse tsc msr pae mce cx8 apic sep mtrr pge mca cmov pat pse36 clflush dts acpi mmx fxsr sse sse2 ss ht tm pbe nx lm constant_tsc arch_perfmon pebs bts aperfmperf pni dtes64 monitor ds_cpl vmx est tm2 ssse3 cx16 xtpr pdcm lahf_lm dts tpr_shadow vnmi flexpriority
bogomips	: 4801.01
clflush size	: 64
cache_alignment	: 64
address sizes	: 36 bits physical, 48 bits virtual
power management:

processor	: 3
vendor_id	: GenuineIntel
cpu family	: 6
model		: 15
model name	: Intel(R) Core(TM)2 Quad CPU    Q6600  @ 2.40GHz
stepping	: 11
cpu MHz		: 2399.972
cache size	: 4096 KB
physical id	: 0
siblings	: 4
core id		: 3
cpu cores	: 4
apicid		: 3
initial apicid	: 3
fdiv_bug	: no
hlt_bug		: no
f00f_bug	: no
coma_bug	: no
fpu		: yes
fpu_exception	: yes
cpuid level	: 10
wp		: yes
flags		: fpu vme de pse tsc msr pae mce cx8 apic sep mtrr pge mca cmov pat pse36 clflush dts acpi mmx fxsr sse sse2 ss ht tm pbe nx lm constant_tsc arch_perfmon pebs bts aperfmperf pni dtes64 monitor ds_cpl vmx est tm2 ssse3 cx16 xtpr pdcm lahf_lm dts tpr_shadow vnmi flexpriority
bogomips	: 4801.02
clflush size	: 64
cache_alignment	: 64
address sizes	: 36 bits physical, 48 bits virtual
power management:



Memory: 4k page, physical 3616048k(979176k free), swap 3951952k(3951952k free)

vm_info: Java HotSpot(TM) Server VM (20.0-b11) for linux-x86 JRE (1.6.0_25-b06), built on Apr 14 2011 01:12:39 by "java_re" with gcc 3.2.1-7a (J2SE release)

time: Fri May  6 00:05:27 2011
elapsed time: 109 seconds

